#! /usr/local/Cellar/icarus-verilog/10.2_1/bin/vvp
:ivl_version "10.2 (stable)" "(v10_2)";
:ivl_delay_selection "TYPICAL";
:vpi_time_precision + 0;
:vpi_module "system";
:vpi_module "vhdl_sys";
:vpi_module "v2005_math";
:vpi_module "va_math";
S_0x7fefac403ef0 .scope module, "memory_test" "memory_test" 2 1;
 .timescale 0 0;
v0x7fefac418a10_0 .net "Data", 31 0, v0x7fefac404270_0;  1 drivers
v0x7fefac418ae0_0 .net "Instruction", 31 0, v0x7fefac4143b0_0;  1 drivers
o0x10e46c098 .functor BUFZ 1, C4<z>; HiZ drive
v0x7fefac418b70_0 .net "Op2En", 0 0, o0x10e46c098;  0 drivers
o0x10e46c0c8 .functor BUFZ 1, C4<z>; HiZ drive
v0x7fefac418c20_0 .net "Op2RW", 0 0, o0x10e46c0c8;  0 drivers
v0x7fefac418cd0_0 .var "ReadPC", 31 0;
v0x7fefac418da0_0 .var "ReadWriteAddr", 31 0;
v0x7fefac418e50_0 .var "_clk", 0 0;
S_0x7fefac404050 .scope module, "memory" "Memoria" 2 10, 3 1 0, S_0x7fefac403ef0;
 .timescale 0 0;
    .port_info 0 /INPUT 1 "clk"
    .port_info 1 /INPUT 32 "ReadPC"
    .port_info 2 /INPUT 32 "ReadWriteAddr"
    .port_info 3 /INPUT 32 "DataWrite"
    .port_info 4 /INPUT 1 "Op2En"
    .port_info 5 /INPUT 1 "Op2RW"
    .port_info 6 /OUTPUT 32 "Instruction"
    .port_info 7 /OUTPUT 32 "Data"
v0x7fefac404270_0 .var "Data", 31 0;
o0x10e46c038 .functor BUFZ 32, C4<zzzzzzzzzzzzzzzzzzzzzzzzzzzzzzzz>; HiZ drive
v0x7fefac414310_0 .net "DataWrite", 31 0, o0x10e46c038;  0 drivers
v0x7fefac4143b0_0 .var "Instruction", 31 0;
v0x7fefac414460_0 .net "Op2En", 0 0, o0x10e46c098;  alias, 0 drivers
v0x7fefac414500_0 .net "Op2RW", 0 0, o0x10e46c0c8;  alias, 0 drivers
v0x7fefac4145e0_0 .net "ReadPC", 31 0, v0x7fefac418cd0_0;  1 drivers
v0x7fefac414690_0 .net "ReadWriteAddr", 31 0, v0x7fefac418da0_0;  1 drivers
v0x7fefac414740_0 .net "clk", 0 0, v0x7fefac418e50_0;  1 drivers
v0x7fefac4147e0_0 .var/i "i", 31 0;
v0x7fefac4148f0 .array "memory", 0 1023, 31 0;
v0x7fefac4148f0_0 .array/port v0x7fefac4148f0, 0;
E_0x7fefac403c50/0 .event edge, v0x7fefac414460_0, v0x7fefac414500_0, v0x7fefac414690_0, v0x7fefac4148f0_0;
v0x7fefac4148f0_1 .array/port v0x7fefac4148f0, 1;
v0x7fefac4148f0_2 .array/port v0x7fefac4148f0, 2;
v0x7fefac4148f0_3 .array/port v0x7fefac4148f0, 3;
v0x7fefac4148f0_4 .array/port v0x7fefac4148f0, 4;
E_0x7fefac403c50/1 .event edge, v0x7fefac4148f0_1, v0x7fefac4148f0_2, v0x7fefac4148f0_3, v0x7fefac4148f0_4;
v0x7fefac4148f0_5 .array/port v0x7fefac4148f0, 5;
v0x7fefac4148f0_6 .array/port v0x7fefac4148f0, 6;
v0x7fefac4148f0_7 .array/port v0x7fefac4148f0, 7;
v0x7fefac4148f0_8 .array/port v0x7fefac4148f0, 8;
E_0x7fefac403c50/2 .event edge, v0x7fefac4148f0_5, v0x7fefac4148f0_6, v0x7fefac4148f0_7, v0x7fefac4148f0_8;
v0x7fefac4148f0_9 .array/port v0x7fefac4148f0, 9;
v0x7fefac4148f0_10 .array/port v0x7fefac4148f0, 10;
v0x7fefac4148f0_11 .array/port v0x7fefac4148f0, 11;
v0x7fefac4148f0_12 .array/port v0x7fefac4148f0, 12;
E_0x7fefac403c50/3 .event edge, v0x7fefac4148f0_9, v0x7fefac4148f0_10, v0x7fefac4148f0_11, v0x7fefac4148f0_12;
v0x7fefac4148f0_13 .array/port v0x7fefac4148f0, 13;
v0x7fefac4148f0_14 .array/port v0x7fefac4148f0, 14;
v0x7fefac4148f0_15 .array/port v0x7fefac4148f0, 15;
v0x7fefac4148f0_16 .array/port v0x7fefac4148f0, 16;
E_0x7fefac403c50/4 .event edge, v0x7fefac4148f0_13, v0x7fefac4148f0_14, v0x7fefac4148f0_15, v0x7fefac4148f0_16;
v0x7fefac4148f0_17 .array/port v0x7fefac4148f0, 17;
v0x7fefac4148f0_18 .array/port v0x7fefac4148f0, 18;
v0x7fefac4148f0_19 .array/port v0x7fefac4148f0, 19;
v0x7fefac4148f0_20 .array/port v0x7fefac4148f0, 20;
E_0x7fefac403c50/5 .event edge, v0x7fefac4148f0_17, v0x7fefac4148f0_18, v0x7fefac4148f0_19, v0x7fefac4148f0_20;
v0x7fefac4148f0_21 .array/port v0x7fefac4148f0, 21;
v0x7fefac4148f0_22 .array/port v0x7fefac4148f0, 22;
v0x7fefac4148f0_23 .array/port v0x7fefac4148f0, 23;
v0x7fefac4148f0_24 .array/port v0x7fefac4148f0, 24;
E_0x7fefac403c50/6 .event edge, v0x7fefac4148f0_21, v0x7fefac4148f0_22, v0x7fefac4148f0_23, v0x7fefac4148f0_24;
v0x7fefac4148f0_25 .array/port v0x7fefac4148f0, 25;
v0x7fefac4148f0_26 .array/port v0x7fefac4148f0, 26;
v0x7fefac4148f0_27 .array/port v0x7fefac4148f0, 27;
v0x7fefac4148f0_28 .array/port v0x7fefac4148f0, 28;
E_0x7fefac403c50/7 .event edge, v0x7fefac4148f0_25, v0x7fefac4148f0_26, v0x7fefac4148f0_27, v0x7fefac4148f0_28;
v0x7fefac4148f0_29 .array/port v0x7fefac4148f0, 29;
v0x7fefac4148f0_30 .array/port v0x7fefac4148f0, 30;
v0x7fefac4148f0_31 .array/port v0x7fefac4148f0, 31;
v0x7fefac4148f0_32 .array/port v0x7fefac4148f0, 32;
E_0x7fefac403c50/8 .event edge, v0x7fefac4148f0_29, v0x7fefac4148f0_30, v0x7fefac4148f0_31, v0x7fefac4148f0_32;
v0x7fefac4148f0_33 .array/port v0x7fefac4148f0, 33;
v0x7fefac4148f0_34 .array/port v0x7fefac4148f0, 34;
v0x7fefac4148f0_35 .array/port v0x7fefac4148f0, 35;
v0x7fefac4148f0_36 .array/port v0x7fefac4148f0, 36;
E_0x7fefac403c50/9 .event edge, v0x7fefac4148f0_33, v0x7fefac4148f0_34, v0x7fefac4148f0_35, v0x7fefac4148f0_36;
v0x7fefac4148f0_37 .array/port v0x7fefac4148f0, 37;
v0x7fefac4148f0_38 .array/port v0x7fefac4148f0, 38;
v0x7fefac4148f0_39 .array/port v0x7fefac4148f0, 39;
v0x7fefac4148f0_40 .array/port v0x7fefac4148f0, 40;
E_0x7fefac403c50/10 .event edge, v0x7fefac4148f0_37, v0x7fefac4148f0_38, v0x7fefac4148f0_39, v0x7fefac4148f0_40;
v0x7fefac4148f0_41 .array/port v0x7fefac4148f0, 41;
v0x7fefac4148f0_42 .array/port v0x7fefac4148f0, 42;
v0x7fefac4148f0_43 .array/port v0x7fefac4148f0, 43;
v0x7fefac4148f0_44 .array/port v0x7fefac4148f0, 44;
E_0x7fefac403c50/11 .event edge, v0x7fefac4148f0_41, v0x7fefac4148f0_42, v0x7fefac4148f0_43, v0x7fefac4148f0_44;
v0x7fefac4148f0_45 .array/port v0x7fefac4148f0, 45;
v0x7fefac4148f0_46 .array/port v0x7fefac4148f0, 46;
v0x7fefac4148f0_47 .array/port v0x7fefac4148f0, 47;
v0x7fefac4148f0_48 .array/port v0x7fefac4148f0, 48;
E_0x7fefac403c50/12 .event edge, v0x7fefac4148f0_45, v0x7fefac4148f0_46, v0x7fefac4148f0_47, v0x7fefac4148f0_48;
v0x7fefac4148f0_49 .array/port v0x7fefac4148f0, 49;
v0x7fefac4148f0_50 .array/port v0x7fefac4148f0, 50;
v0x7fefac4148f0_51 .array/port v0x7fefac4148f0, 51;
v0x7fefac4148f0_52 .array/port v0x7fefac4148f0, 52;
E_0x7fefac403c50/13 .event edge, v0x7fefac4148f0_49, v0x7fefac4148f0_50, v0x7fefac4148f0_51, v0x7fefac4148f0_52;
v0x7fefac4148f0_53 .array/port v0x7fefac4148f0, 53;
v0x7fefac4148f0_54 .array/port v0x7fefac4148f0, 54;
v0x7fefac4148f0_55 .array/port v0x7fefac4148f0, 55;
v0x7fefac4148f0_56 .array/port v0x7fefac4148f0, 56;
E_0x7fefac403c50/14 .event edge, v0x7fefac4148f0_53, v0x7fefac4148f0_54, v0x7fefac4148f0_55, v0x7fefac4148f0_56;
v0x7fefac4148f0_57 .array/port v0x7fefac4148f0, 57;
v0x7fefac4148f0_58 .array/port v0x7fefac4148f0, 58;
v0x7fefac4148f0_59 .array/port v0x7fefac4148f0, 59;
v0x7fefac4148f0_60 .array/port v0x7fefac4148f0, 60;
E_0x7fefac403c50/15 .event edge, v0x7fefac4148f0_57, v0x7fefac4148f0_58, v0x7fefac4148f0_59, v0x7fefac4148f0_60;
v0x7fefac4148f0_61 .array/port v0x7fefac4148f0, 61;
v0x7fefac4148f0_62 .array/port v0x7fefac4148f0, 62;
v0x7fefac4148f0_63 .array/port v0x7fefac4148f0, 63;
v0x7fefac4148f0_64 .array/port v0x7fefac4148f0, 64;
E_0x7fefac403c50/16 .event edge, v0x7fefac4148f0_61, v0x7fefac4148f0_62, v0x7fefac4148f0_63, v0x7fefac4148f0_64;
v0x7fefac4148f0_65 .array/port v0x7fefac4148f0, 65;
v0x7fefac4148f0_66 .array/port v0x7fefac4148f0, 66;
v0x7fefac4148f0_67 .array/port v0x7fefac4148f0, 67;
v0x7fefac4148f0_68 .array/port v0x7fefac4148f0, 68;
E_0x7fefac403c50/17 .event edge, v0x7fefac4148f0_65, v0x7fefac4148f0_66, v0x7fefac4148f0_67, v0x7fefac4148f0_68;
v0x7fefac4148f0_69 .array/port v0x7fefac4148f0, 69;
v0x7fefac4148f0_70 .array/port v0x7fefac4148f0, 70;
v0x7fefac4148f0_71 .array/port v0x7fefac4148f0, 71;
v0x7fefac4148f0_72 .array/port v0x7fefac4148f0, 72;
E_0x7fefac403c50/18 .event edge, v0x7fefac4148f0_69, v0x7fefac4148f0_70, v0x7fefac4148f0_71, v0x7fefac4148f0_72;
v0x7fefac4148f0_73 .array/port v0x7fefac4148f0, 73;
v0x7fefac4148f0_74 .array/port v0x7fefac4148f0, 74;
v0x7fefac4148f0_75 .array/port v0x7fefac4148f0, 75;
v0x7fefac4148f0_76 .array/port v0x7fefac4148f0, 76;
E_0x7fefac403c50/19 .event edge, v0x7fefac4148f0_73, v0x7fefac4148f0_74, v0x7fefac4148f0_75, v0x7fefac4148f0_76;
v0x7fefac4148f0_77 .array/port v0x7fefac4148f0, 77;
v0x7fefac4148f0_78 .array/port v0x7fefac4148f0, 78;
v0x7fefac4148f0_79 .array/port v0x7fefac4148f0, 79;
v0x7fefac4148f0_80 .array/port v0x7fefac4148f0, 80;
E_0x7fefac403c50/20 .event edge, v0x7fefac4148f0_77, v0x7fefac4148f0_78, v0x7fefac4148f0_79, v0x7fefac4148f0_80;
v0x7fefac4148f0_81 .array/port v0x7fefac4148f0, 81;
v0x7fefac4148f0_82 .array/port v0x7fefac4148f0, 82;
v0x7fefac4148f0_83 .array/port v0x7fefac4148f0, 83;
v0x7fefac4148f0_84 .array/port v0x7fefac4148f0, 84;
E_0x7fefac403c50/21 .event edge, v0x7fefac4148f0_81, v0x7fefac4148f0_82, v0x7fefac4148f0_83, v0x7fefac4148f0_84;
v0x7fefac4148f0_85 .array/port v0x7fefac4148f0, 85;
v0x7fefac4148f0_86 .array/port v0x7fefac4148f0, 86;
v0x7fefac4148f0_87 .array/port v0x7fefac4148f0, 87;
v0x7fefac4148f0_88 .array/port v0x7fefac4148f0, 88;
E_0x7fefac403c50/22 .event edge, v0x7fefac4148f0_85, v0x7fefac4148f0_86, v0x7fefac4148f0_87, v0x7fefac4148f0_88;
v0x7fefac4148f0_89 .array/port v0x7fefac4148f0, 89;
v0x7fefac4148f0_90 .array/port v0x7fefac4148f0, 90;
v0x7fefac4148f0_91 .array/port v0x7fefac4148f0, 91;
v0x7fefac4148f0_92 .array/port v0x7fefac4148f0, 92;
E_0x7fefac403c50/23 .event edge, v0x7fefac4148f0_89, v0x7fefac4148f0_90, v0x7fefac4148f0_91, v0x7fefac4148f0_92;
v0x7fefac4148f0_93 .array/port v0x7fefac4148f0, 93;
v0x7fefac4148f0_94 .array/port v0x7fefac4148f0, 94;
v0x7fefac4148f0_95 .array/port v0x7fefac4148f0, 95;
v0x7fefac4148f0_96 .array/port v0x7fefac4148f0, 96;
E_0x7fefac403c50/24 .event edge, v0x7fefac4148f0_93, v0x7fefac4148f0_94, v0x7fefac4148f0_95, v0x7fefac4148f0_96;
v0x7fefac4148f0_97 .array/port v0x7fefac4148f0, 97;
v0x7fefac4148f0_98 .array/port v0x7fefac4148f0, 98;
v0x7fefac4148f0_99 .array/port v0x7fefac4148f0, 99;
v0x7fefac4148f0_100 .array/port v0x7fefac4148f0, 100;
E_0x7fefac403c50/25 .event edge, v0x7fefac4148f0_97, v0x7fefac4148f0_98, v0x7fefac4148f0_99, v0x7fefac4148f0_100;
v0x7fefac4148f0_101 .array/port v0x7fefac4148f0, 101;
v0x7fefac4148f0_102 .array/port v0x7fefac4148f0, 102;
v0x7fefac4148f0_103 .array/port v0x7fefac4148f0, 103;
v0x7fefac4148f0_104 .array/port v0x7fefac4148f0, 104;
E_0x7fefac403c50/26 .event edge, v0x7fefac4148f0_101, v0x7fefac4148f0_102, v0x7fefac4148f0_103, v0x7fefac4148f0_104;
v0x7fefac4148f0_105 .array/port v0x7fefac4148f0, 105;
v0x7fefac4148f0_106 .array/port v0x7fefac4148f0, 106;
v0x7fefac4148f0_107 .array/port v0x7fefac4148f0, 107;
v0x7fefac4148f0_108 .array/port v0x7fefac4148f0, 108;
E_0x7fefac403c50/27 .event edge, v0x7fefac4148f0_105, v0x7fefac4148f0_106, v0x7fefac4148f0_107, v0x7fefac4148f0_108;
v0x7fefac4148f0_109 .array/port v0x7fefac4148f0, 109;
v0x7fefac4148f0_110 .array/port v0x7fefac4148f0, 110;
v0x7fefac4148f0_111 .array/port v0x7fefac4148f0, 111;
v0x7fefac4148f0_112 .array/port v0x7fefac4148f0, 112;
E_0x7fefac403c50/28 .event edge, v0x7fefac4148f0_109, v0x7fefac4148f0_110, v0x7fefac4148f0_111, v0x7fefac4148f0_112;
v0x7fefac4148f0_113 .array/port v0x7fefac4148f0, 113;
v0x7fefac4148f0_114 .array/port v0x7fefac4148f0, 114;
v0x7fefac4148f0_115 .array/port v0x7fefac4148f0, 115;
v0x7fefac4148f0_116 .array/port v0x7fefac4148f0, 116;
E_0x7fefac403c50/29 .event edge, v0x7fefac4148f0_113, v0x7fefac4148f0_114, v0x7fefac4148f0_115, v0x7fefac4148f0_116;
v0x7fefac4148f0_117 .array/port v0x7fefac4148f0, 117;
v0x7fefac4148f0_118 .array/port v0x7fefac4148f0, 118;
v0x7fefac4148f0_119 .array/port v0x7fefac4148f0, 119;
v0x7fefac4148f0_120 .array/port v0x7fefac4148f0, 120;
E_0x7fefac403c50/30 .event edge, v0x7fefac4148f0_117, v0x7fefac4148f0_118, v0x7fefac4148f0_119, v0x7fefac4148f0_120;
v0x7fefac4148f0_121 .array/port v0x7fefac4148f0, 121;
v0x7fefac4148f0_122 .array/port v0x7fefac4148f0, 122;
v0x7fefac4148f0_123 .array/port v0x7fefac4148f0, 123;
v0x7fefac4148f0_124 .array/port v0x7fefac4148f0, 124;
E_0x7fefac403c50/31 .event edge, v0x7fefac4148f0_121, v0x7fefac4148f0_122, v0x7fefac4148f0_123, v0x7fefac4148f0_124;
v0x7fefac4148f0_125 .array/port v0x7fefac4148f0, 125;
v0x7fefac4148f0_126 .array/port v0x7fefac4148f0, 126;
v0x7fefac4148f0_127 .array/port v0x7fefac4148f0, 127;
v0x7fefac4148f0_128 .array/port v0x7fefac4148f0, 128;
E_0x7fefac403c50/32 .event edge, v0x7fefac4148f0_125, v0x7fefac4148f0_126, v0x7fefac4148f0_127, v0x7fefac4148f0_128;
v0x7fefac4148f0_129 .array/port v0x7fefac4148f0, 129;
v0x7fefac4148f0_130 .array/port v0x7fefac4148f0, 130;
v0x7fefac4148f0_131 .array/port v0x7fefac4148f0, 131;
v0x7fefac4148f0_132 .array/port v0x7fefac4148f0, 132;
E_0x7fefac403c50/33 .event edge, v0x7fefac4148f0_129, v0x7fefac4148f0_130, v0x7fefac4148f0_131, v0x7fefac4148f0_132;
v0x7fefac4148f0_133 .array/port v0x7fefac4148f0, 133;
v0x7fefac4148f0_134 .array/port v0x7fefac4148f0, 134;
v0x7fefac4148f0_135 .array/port v0x7fefac4148f0, 135;
v0x7fefac4148f0_136 .array/port v0x7fefac4148f0, 136;
E_0x7fefac403c50/34 .event edge, v0x7fefac4148f0_133, v0x7fefac4148f0_134, v0x7fefac4148f0_135, v0x7fefac4148f0_136;
v0x7fefac4148f0_137 .array/port v0x7fefac4148f0, 137;
v0x7fefac4148f0_138 .array/port v0x7fefac4148f0, 138;
v0x7fefac4148f0_139 .array/port v0x7fefac4148f0, 139;
v0x7fefac4148f0_140 .array/port v0x7fefac4148f0, 140;
E_0x7fefac403c50/35 .event edge, v0x7fefac4148f0_137, v0x7fefac4148f0_138, v0x7fefac4148f0_139, v0x7fefac4148f0_140;
v0x7fefac4148f0_141 .array/port v0x7fefac4148f0, 141;
v0x7fefac4148f0_142 .array/port v0x7fefac4148f0, 142;
v0x7fefac4148f0_143 .array/port v0x7fefac4148f0, 143;
v0x7fefac4148f0_144 .array/port v0x7fefac4148f0, 144;
E_0x7fefac403c50/36 .event edge, v0x7fefac4148f0_141, v0x7fefac4148f0_142, v0x7fefac4148f0_143, v0x7fefac4148f0_144;
v0x7fefac4148f0_145 .array/port v0x7fefac4148f0, 145;
v0x7fefac4148f0_146 .array/port v0x7fefac4148f0, 146;
v0x7fefac4148f0_147 .array/port v0x7fefac4148f0, 147;
v0x7fefac4148f0_148 .array/port v0x7fefac4148f0, 148;
E_0x7fefac403c50/37 .event edge, v0x7fefac4148f0_145, v0x7fefac4148f0_146, v0x7fefac4148f0_147, v0x7fefac4148f0_148;
v0x7fefac4148f0_149 .array/port v0x7fefac4148f0, 149;
v0x7fefac4148f0_150 .array/port v0x7fefac4148f0, 150;
v0x7fefac4148f0_151 .array/port v0x7fefac4148f0, 151;
v0x7fefac4148f0_152 .array/port v0x7fefac4148f0, 152;
E_0x7fefac403c50/38 .event edge, v0x7fefac4148f0_149, v0x7fefac4148f0_150, v0x7fefac4148f0_151, v0x7fefac4148f0_152;
v0x7fefac4148f0_153 .array/port v0x7fefac4148f0, 153;
v0x7fefac4148f0_154 .array/port v0x7fefac4148f0, 154;
v0x7fefac4148f0_155 .array/port v0x7fefac4148f0, 155;
v0x7fefac4148f0_156 .array/port v0x7fefac4148f0, 156;
E_0x7fefac403c50/39 .event edge, v0x7fefac4148f0_153, v0x7fefac4148f0_154, v0x7fefac4148f0_155, v0x7fefac4148f0_156;
v0x7fefac4148f0_157 .array/port v0x7fefac4148f0, 157;
v0x7fefac4148f0_158 .array/port v0x7fefac4148f0, 158;
v0x7fefac4148f0_159 .array/port v0x7fefac4148f0, 159;
v0x7fefac4148f0_160 .array/port v0x7fefac4148f0, 160;
E_0x7fefac403c50/40 .event edge, v0x7fefac4148f0_157, v0x7fefac4148f0_158, v0x7fefac4148f0_159, v0x7fefac4148f0_160;
v0x7fefac4148f0_161 .array/port v0x7fefac4148f0, 161;
v0x7fefac4148f0_162 .array/port v0x7fefac4148f0, 162;
v0x7fefac4148f0_163 .array/port v0x7fefac4148f0, 163;
v0x7fefac4148f0_164 .array/port v0x7fefac4148f0, 164;
E_0x7fefac403c50/41 .event edge, v0x7fefac4148f0_161, v0x7fefac4148f0_162, v0x7fefac4148f0_163, v0x7fefac4148f0_164;
v0x7fefac4148f0_165 .array/port v0x7fefac4148f0, 165;
v0x7fefac4148f0_166 .array/port v0x7fefac4148f0, 166;
v0x7fefac4148f0_167 .array/port v0x7fefac4148f0, 167;
v0x7fefac4148f0_168 .array/port v0x7fefac4148f0, 168;
E_0x7fefac403c50/42 .event edge, v0x7fefac4148f0_165, v0x7fefac4148f0_166, v0x7fefac4148f0_167, v0x7fefac4148f0_168;
v0x7fefac4148f0_169 .array/port v0x7fefac4148f0, 169;
v0x7fefac4148f0_170 .array/port v0x7fefac4148f0, 170;
v0x7fefac4148f0_171 .array/port v0x7fefac4148f0, 171;
v0x7fefac4148f0_172 .array/port v0x7fefac4148f0, 172;
E_0x7fefac403c50/43 .event edge, v0x7fefac4148f0_169, v0x7fefac4148f0_170, v0x7fefac4148f0_171, v0x7fefac4148f0_172;
v0x7fefac4148f0_173 .array/port v0x7fefac4148f0, 173;
v0x7fefac4148f0_174 .array/port v0x7fefac4148f0, 174;
v0x7fefac4148f0_175 .array/port v0x7fefac4148f0, 175;
v0x7fefac4148f0_176 .array/port v0x7fefac4148f0, 176;
E_0x7fefac403c50/44 .event edge, v0x7fefac4148f0_173, v0x7fefac4148f0_174, v0x7fefac4148f0_175, v0x7fefac4148f0_176;
v0x7fefac4148f0_177 .array/port v0x7fefac4148f0, 177;
v0x7fefac4148f0_178 .array/port v0x7fefac4148f0, 178;
v0x7fefac4148f0_179 .array/port v0x7fefac4148f0, 179;
v0x7fefac4148f0_180 .array/port v0x7fefac4148f0, 180;
E_0x7fefac403c50/45 .event edge, v0x7fefac4148f0_177, v0x7fefac4148f0_178, v0x7fefac4148f0_179, v0x7fefac4148f0_180;
v0x7fefac4148f0_181 .array/port v0x7fefac4148f0, 181;
v0x7fefac4148f0_182 .array/port v0x7fefac4148f0, 182;
v0x7fefac4148f0_183 .array/port v0x7fefac4148f0, 183;
v0x7fefac4148f0_184 .array/port v0x7fefac4148f0, 184;
E_0x7fefac403c50/46 .event edge, v0x7fefac4148f0_181, v0x7fefac4148f0_182, v0x7fefac4148f0_183, v0x7fefac4148f0_184;
v0x7fefac4148f0_185 .array/port v0x7fefac4148f0, 185;
v0x7fefac4148f0_186 .array/port v0x7fefac4148f0, 186;
v0x7fefac4148f0_187 .array/port v0x7fefac4148f0, 187;
v0x7fefac4148f0_188 .array/port v0x7fefac4148f0, 188;
E_0x7fefac403c50/47 .event edge, v0x7fefac4148f0_185, v0x7fefac4148f0_186, v0x7fefac4148f0_187, v0x7fefac4148f0_188;
v0x7fefac4148f0_189 .array/port v0x7fefac4148f0, 189;
v0x7fefac4148f0_190 .array/port v0x7fefac4148f0, 190;
v0x7fefac4148f0_191 .array/port v0x7fefac4148f0, 191;
v0x7fefac4148f0_192 .array/port v0x7fefac4148f0, 192;
E_0x7fefac403c50/48 .event edge, v0x7fefac4148f0_189, v0x7fefac4148f0_190, v0x7fefac4148f0_191, v0x7fefac4148f0_192;
v0x7fefac4148f0_193 .array/port v0x7fefac4148f0, 193;
v0x7fefac4148f0_194 .array/port v0x7fefac4148f0, 194;
v0x7fefac4148f0_195 .array/port v0x7fefac4148f0, 195;
v0x7fefac4148f0_196 .array/port v0x7fefac4148f0, 196;
E_0x7fefac403c50/49 .event edge, v0x7fefac4148f0_193, v0x7fefac4148f0_194, v0x7fefac4148f0_195, v0x7fefac4148f0_196;
v0x7fefac4148f0_197 .array/port v0x7fefac4148f0, 197;
v0x7fefac4148f0_198 .array/port v0x7fefac4148f0, 198;
v0x7fefac4148f0_199 .array/port v0x7fefac4148f0, 199;
v0x7fefac4148f0_200 .array/port v0x7fefac4148f0, 200;
E_0x7fefac403c50/50 .event edge, v0x7fefac4148f0_197, v0x7fefac4148f0_198, v0x7fefac4148f0_199, v0x7fefac4148f0_200;
v0x7fefac4148f0_201 .array/port v0x7fefac4148f0, 201;
v0x7fefac4148f0_202 .array/port v0x7fefac4148f0, 202;
v0x7fefac4148f0_203 .array/port v0x7fefac4148f0, 203;
v0x7fefac4148f0_204 .array/port v0x7fefac4148f0, 204;
E_0x7fefac403c50/51 .event edge, v0x7fefac4148f0_201, v0x7fefac4148f0_202, v0x7fefac4148f0_203, v0x7fefac4148f0_204;
v0x7fefac4148f0_205 .array/port v0x7fefac4148f0, 205;
v0x7fefac4148f0_206 .array/port v0x7fefac4148f0, 206;
v0x7fefac4148f0_207 .array/port v0x7fefac4148f0, 207;
v0x7fefac4148f0_208 .array/port v0x7fefac4148f0, 208;
E_0x7fefac403c50/52 .event edge, v0x7fefac4148f0_205, v0x7fefac4148f0_206, v0x7fefac4148f0_207, v0x7fefac4148f0_208;
v0x7fefac4148f0_209 .array/port v0x7fefac4148f0, 209;
v0x7fefac4148f0_210 .array/port v0x7fefac4148f0, 210;
v0x7fefac4148f0_211 .array/port v0x7fefac4148f0, 211;
v0x7fefac4148f0_212 .array/port v0x7fefac4148f0, 212;
E_0x7fefac403c50/53 .event edge, v0x7fefac4148f0_209, v0x7fefac4148f0_210, v0x7fefac4148f0_211, v0x7fefac4148f0_212;
v0x7fefac4148f0_213 .array/port v0x7fefac4148f0, 213;
v0x7fefac4148f0_214 .array/port v0x7fefac4148f0, 214;
v0x7fefac4148f0_215 .array/port v0x7fefac4148f0, 215;
v0x7fefac4148f0_216 .array/port v0x7fefac4148f0, 216;
E_0x7fefac403c50/54 .event edge, v0x7fefac4148f0_213, v0x7fefac4148f0_214, v0x7fefac4148f0_215, v0x7fefac4148f0_216;
v0x7fefac4148f0_217 .array/port v0x7fefac4148f0, 217;
v0x7fefac4148f0_218 .array/port v0x7fefac4148f0, 218;
v0x7fefac4148f0_219 .array/port v0x7fefac4148f0, 219;
v0x7fefac4148f0_220 .array/port v0x7fefac4148f0, 220;
E_0x7fefac403c50/55 .event edge, v0x7fefac4148f0_217, v0x7fefac4148f0_218, v0x7fefac4148f0_219, v0x7fefac4148f0_220;
v0x7fefac4148f0_221 .array/port v0x7fefac4148f0, 221;
v0x7fefac4148f0_222 .array/port v0x7fefac4148f0, 222;
v0x7fefac4148f0_223 .array/port v0x7fefac4148f0, 223;
v0x7fefac4148f0_224 .array/port v0x7fefac4148f0, 224;
E_0x7fefac403c50/56 .event edge, v0x7fefac4148f0_221, v0x7fefac4148f0_222, v0x7fefac4148f0_223, v0x7fefac4148f0_224;
v0x7fefac4148f0_225 .array/port v0x7fefac4148f0, 225;
v0x7fefac4148f0_226 .array/port v0x7fefac4148f0, 226;
v0x7fefac4148f0_227 .array/port v0x7fefac4148f0, 227;
v0x7fefac4148f0_228 .array/port v0x7fefac4148f0, 228;
E_0x7fefac403c50/57 .event edge, v0x7fefac4148f0_225, v0x7fefac4148f0_226, v0x7fefac4148f0_227, v0x7fefac4148f0_228;
v0x7fefac4148f0_229 .array/port v0x7fefac4148f0, 229;
v0x7fefac4148f0_230 .array/port v0x7fefac4148f0, 230;
v0x7fefac4148f0_231 .array/port v0x7fefac4148f0, 231;
v0x7fefac4148f0_232 .array/port v0x7fefac4148f0, 232;
E_0x7fefac403c50/58 .event edge, v0x7fefac4148f0_229, v0x7fefac4148f0_230, v0x7fefac4148f0_231, v0x7fefac4148f0_232;
v0x7fefac4148f0_233 .array/port v0x7fefac4148f0, 233;
v0x7fefac4148f0_234 .array/port v0x7fefac4148f0, 234;
v0x7fefac4148f0_235 .array/port v0x7fefac4148f0, 235;
v0x7fefac4148f0_236 .array/port v0x7fefac4148f0, 236;
E_0x7fefac403c50/59 .event edge, v0x7fefac4148f0_233, v0x7fefac4148f0_234, v0x7fefac4148f0_235, v0x7fefac4148f0_236;
v0x7fefac4148f0_237 .array/port v0x7fefac4148f0, 237;
v0x7fefac4148f0_238 .array/port v0x7fefac4148f0, 238;
v0x7fefac4148f0_239 .array/port v0x7fefac4148f0, 239;
v0x7fefac4148f0_240 .array/port v0x7fefac4148f0, 240;
E_0x7fefac403c50/60 .event edge, v0x7fefac4148f0_237, v0x7fefac4148f0_238, v0x7fefac4148f0_239, v0x7fefac4148f0_240;
v0x7fefac4148f0_241 .array/port v0x7fefac4148f0, 241;
v0x7fefac4148f0_242 .array/port v0x7fefac4148f0, 242;
v0x7fefac4148f0_243 .array/port v0x7fefac4148f0, 243;
v0x7fefac4148f0_244 .array/port v0x7fefac4148f0, 244;
E_0x7fefac403c50/61 .event edge, v0x7fefac4148f0_241, v0x7fefac4148f0_242, v0x7fefac4148f0_243, v0x7fefac4148f0_244;
v0x7fefac4148f0_245 .array/port v0x7fefac4148f0, 245;
v0x7fefac4148f0_246 .array/port v0x7fefac4148f0, 246;
v0x7fefac4148f0_247 .array/port v0x7fefac4148f0, 247;
v0x7fefac4148f0_248 .array/port v0x7fefac4148f0, 248;
E_0x7fefac403c50/62 .event edge, v0x7fefac4148f0_245, v0x7fefac4148f0_246, v0x7fefac4148f0_247, v0x7fefac4148f0_248;
v0x7fefac4148f0_249 .array/port v0x7fefac4148f0, 249;
v0x7fefac4148f0_250 .array/port v0x7fefac4148f0, 250;
v0x7fefac4148f0_251 .array/port v0x7fefac4148f0, 251;
v0x7fefac4148f0_252 .array/port v0x7fefac4148f0, 252;
E_0x7fefac403c50/63 .event edge, v0x7fefac4148f0_249, v0x7fefac4148f0_250, v0x7fefac4148f0_251, v0x7fefac4148f0_252;
v0x7fefac4148f0_253 .array/port v0x7fefac4148f0, 253;
v0x7fefac4148f0_254 .array/port v0x7fefac4148f0, 254;
v0x7fefac4148f0_255 .array/port v0x7fefac4148f0, 255;
v0x7fefac4148f0_256 .array/port v0x7fefac4148f0, 256;
E_0x7fefac403c50/64 .event edge, v0x7fefac4148f0_253, v0x7fefac4148f0_254, v0x7fefac4148f0_255, v0x7fefac4148f0_256;
v0x7fefac4148f0_257 .array/port v0x7fefac4148f0, 257;
v0x7fefac4148f0_258 .array/port v0x7fefac4148f0, 258;
v0x7fefac4148f0_259 .array/port v0x7fefac4148f0, 259;
v0x7fefac4148f0_260 .array/port v0x7fefac4148f0, 260;
E_0x7fefac403c50/65 .event edge, v0x7fefac4148f0_257, v0x7fefac4148f0_258, v0x7fefac4148f0_259, v0x7fefac4148f0_260;
v0x7fefac4148f0_261 .array/port v0x7fefac4148f0, 261;
v0x7fefac4148f0_262 .array/port v0x7fefac4148f0, 262;
v0x7fefac4148f0_263 .array/port v0x7fefac4148f0, 263;
v0x7fefac4148f0_264 .array/port v0x7fefac4148f0, 264;
E_0x7fefac403c50/66 .event edge, v0x7fefac4148f0_261, v0x7fefac4148f0_262, v0x7fefac4148f0_263, v0x7fefac4148f0_264;
v0x7fefac4148f0_265 .array/port v0x7fefac4148f0, 265;
v0x7fefac4148f0_266 .array/port v0x7fefac4148f0, 266;
v0x7fefac4148f0_267 .array/port v0x7fefac4148f0, 267;
v0x7fefac4148f0_268 .array/port v0x7fefac4148f0, 268;
E_0x7fefac403c50/67 .event edge, v0x7fefac4148f0_265, v0x7fefac4148f0_266, v0x7fefac4148f0_267, v0x7fefac4148f0_268;
v0x7fefac4148f0_269 .array/port v0x7fefac4148f0, 269;
v0x7fefac4148f0_270 .array/port v0x7fefac4148f0, 270;
v0x7fefac4148f0_271 .array/port v0x7fefac4148f0, 271;
v0x7fefac4148f0_272 .array/port v0x7fefac4148f0, 272;
E_0x7fefac403c50/68 .event edge, v0x7fefac4148f0_269, v0x7fefac4148f0_270, v0x7fefac4148f0_271, v0x7fefac4148f0_272;
v0x7fefac4148f0_273 .array/port v0x7fefac4148f0, 273;
v0x7fefac4148f0_274 .array/port v0x7fefac4148f0, 274;
v0x7fefac4148f0_275 .array/port v0x7fefac4148f0, 275;
v0x7fefac4148f0_276 .array/port v0x7fefac4148f0, 276;
E_0x7fefac403c50/69 .event edge, v0x7fefac4148f0_273, v0x7fefac4148f0_274, v0x7fefac4148f0_275, v0x7fefac4148f0_276;
v0x7fefac4148f0_277 .array/port v0x7fefac4148f0, 277;
v0x7fefac4148f0_278 .array/port v0x7fefac4148f0, 278;
v0x7fefac4148f0_279 .array/port v0x7fefac4148f0, 279;
v0x7fefac4148f0_280 .array/port v0x7fefac4148f0, 280;
E_0x7fefac403c50/70 .event edge, v0x7fefac4148f0_277, v0x7fefac4148f0_278, v0x7fefac4148f0_279, v0x7fefac4148f0_280;
v0x7fefac4148f0_281 .array/port v0x7fefac4148f0, 281;
v0x7fefac4148f0_282 .array/port v0x7fefac4148f0, 282;
v0x7fefac4148f0_283 .array/port v0x7fefac4148f0, 283;
v0x7fefac4148f0_284 .array/port v0x7fefac4148f0, 284;
E_0x7fefac403c50/71 .event edge, v0x7fefac4148f0_281, v0x7fefac4148f0_282, v0x7fefac4148f0_283, v0x7fefac4148f0_284;
v0x7fefac4148f0_285 .array/port v0x7fefac4148f0, 285;
v0x7fefac4148f0_286 .array/port v0x7fefac4148f0, 286;
v0x7fefac4148f0_287 .array/port v0x7fefac4148f0, 287;
v0x7fefac4148f0_288 .array/port v0x7fefac4148f0, 288;
E_0x7fefac403c50/72 .event edge, v0x7fefac4148f0_285, v0x7fefac4148f0_286, v0x7fefac4148f0_287, v0x7fefac4148f0_288;
v0x7fefac4148f0_289 .array/port v0x7fefac4148f0, 289;
v0x7fefac4148f0_290 .array/port v0x7fefac4148f0, 290;
v0x7fefac4148f0_291 .array/port v0x7fefac4148f0, 291;
v0x7fefac4148f0_292 .array/port v0x7fefac4148f0, 292;
E_0x7fefac403c50/73 .event edge, v0x7fefac4148f0_289, v0x7fefac4148f0_290, v0x7fefac4148f0_291, v0x7fefac4148f0_292;
v0x7fefac4148f0_293 .array/port v0x7fefac4148f0, 293;
v0x7fefac4148f0_294 .array/port v0x7fefac4148f0, 294;
v0x7fefac4148f0_295 .array/port v0x7fefac4148f0, 295;
v0x7fefac4148f0_296 .array/port v0x7fefac4148f0, 296;
E_0x7fefac403c50/74 .event edge, v0x7fefac4148f0_293, v0x7fefac4148f0_294, v0x7fefac4148f0_295, v0x7fefac4148f0_296;
v0x7fefac4148f0_297 .array/port v0x7fefac4148f0, 297;
v0x7fefac4148f0_298 .array/port v0x7fefac4148f0, 298;
v0x7fefac4148f0_299 .array/port v0x7fefac4148f0, 299;
v0x7fefac4148f0_300 .array/port v0x7fefac4148f0, 300;
E_0x7fefac403c50/75 .event edge, v0x7fefac4148f0_297, v0x7fefac4148f0_298, v0x7fefac4148f0_299, v0x7fefac4148f0_300;
v0x7fefac4148f0_301 .array/port v0x7fefac4148f0, 301;
v0x7fefac4148f0_302 .array/port v0x7fefac4148f0, 302;
v0x7fefac4148f0_303 .array/port v0x7fefac4148f0, 303;
v0x7fefac4148f0_304 .array/port v0x7fefac4148f0, 304;
E_0x7fefac403c50/76 .event edge, v0x7fefac4148f0_301, v0x7fefac4148f0_302, v0x7fefac4148f0_303, v0x7fefac4148f0_304;
v0x7fefac4148f0_305 .array/port v0x7fefac4148f0, 305;
v0x7fefac4148f0_306 .array/port v0x7fefac4148f0, 306;
v0x7fefac4148f0_307 .array/port v0x7fefac4148f0, 307;
v0x7fefac4148f0_308 .array/port v0x7fefac4148f0, 308;
E_0x7fefac403c50/77 .event edge, v0x7fefac4148f0_305, v0x7fefac4148f0_306, v0x7fefac4148f0_307, v0x7fefac4148f0_308;
v0x7fefac4148f0_309 .array/port v0x7fefac4148f0, 309;
v0x7fefac4148f0_310 .array/port v0x7fefac4148f0, 310;
v0x7fefac4148f0_311 .array/port v0x7fefac4148f0, 311;
v0x7fefac4148f0_312 .array/port v0x7fefac4148f0, 312;
E_0x7fefac403c50/78 .event edge, v0x7fefac4148f0_309, v0x7fefac4148f0_310, v0x7fefac4148f0_311, v0x7fefac4148f0_312;
v0x7fefac4148f0_313 .array/port v0x7fefac4148f0, 313;
v0x7fefac4148f0_314 .array/port v0x7fefac4148f0, 314;
v0x7fefac4148f0_315 .array/port v0x7fefac4148f0, 315;
v0x7fefac4148f0_316 .array/port v0x7fefac4148f0, 316;
E_0x7fefac403c50/79 .event edge, v0x7fefac4148f0_313, v0x7fefac4148f0_314, v0x7fefac4148f0_315, v0x7fefac4148f0_316;
v0x7fefac4148f0_317 .array/port v0x7fefac4148f0, 317;
v0x7fefac4148f0_318 .array/port v0x7fefac4148f0, 318;
v0x7fefac4148f0_319 .array/port v0x7fefac4148f0, 319;
v0x7fefac4148f0_320 .array/port v0x7fefac4148f0, 320;
E_0x7fefac403c50/80 .event edge, v0x7fefac4148f0_317, v0x7fefac4148f0_318, v0x7fefac4148f0_319, v0x7fefac4148f0_320;
v0x7fefac4148f0_321 .array/port v0x7fefac4148f0, 321;
v0x7fefac4148f0_322 .array/port v0x7fefac4148f0, 322;
v0x7fefac4148f0_323 .array/port v0x7fefac4148f0, 323;
v0x7fefac4148f0_324 .array/port v0x7fefac4148f0, 324;
E_0x7fefac403c50/81 .event edge, v0x7fefac4148f0_321, v0x7fefac4148f0_322, v0x7fefac4148f0_323, v0x7fefac4148f0_324;
v0x7fefac4148f0_325 .array/port v0x7fefac4148f0, 325;
v0x7fefac4148f0_326 .array/port v0x7fefac4148f0, 326;
v0x7fefac4148f0_327 .array/port v0x7fefac4148f0, 327;
v0x7fefac4148f0_328 .array/port v0x7fefac4148f0, 328;
E_0x7fefac403c50/82 .event edge, v0x7fefac4148f0_325, v0x7fefac4148f0_326, v0x7fefac4148f0_327, v0x7fefac4148f0_328;
v0x7fefac4148f0_329 .array/port v0x7fefac4148f0, 329;
v0x7fefac4148f0_330 .array/port v0x7fefac4148f0, 330;
v0x7fefac4148f0_331 .array/port v0x7fefac4148f0, 331;
v0x7fefac4148f0_332 .array/port v0x7fefac4148f0, 332;
E_0x7fefac403c50/83 .event edge, v0x7fefac4148f0_329, v0x7fefac4148f0_330, v0x7fefac4148f0_331, v0x7fefac4148f0_332;
v0x7fefac4148f0_333 .array/port v0x7fefac4148f0, 333;
v0x7fefac4148f0_334 .array/port v0x7fefac4148f0, 334;
v0x7fefac4148f0_335 .array/port v0x7fefac4148f0, 335;
v0x7fefac4148f0_336 .array/port v0x7fefac4148f0, 336;
E_0x7fefac403c50/84 .event edge, v0x7fefac4148f0_333, v0x7fefac4148f0_334, v0x7fefac4148f0_335, v0x7fefac4148f0_336;
v0x7fefac4148f0_337 .array/port v0x7fefac4148f0, 337;
v0x7fefac4148f0_338 .array/port v0x7fefac4148f0, 338;
v0x7fefac4148f0_339 .array/port v0x7fefac4148f0, 339;
v0x7fefac4148f0_340 .array/port v0x7fefac4148f0, 340;
E_0x7fefac403c50/85 .event edge, v0x7fefac4148f0_337, v0x7fefac4148f0_338, v0x7fefac4148f0_339, v0x7fefac4148f0_340;
v0x7fefac4148f0_341 .array/port v0x7fefac4148f0, 341;
v0x7fefac4148f0_342 .array/port v0x7fefac4148f0, 342;
v0x7fefac4148f0_343 .array/port v0x7fefac4148f0, 343;
v0x7fefac4148f0_344 .array/port v0x7fefac4148f0, 344;
E_0x7fefac403c50/86 .event edge, v0x7fefac4148f0_341, v0x7fefac4148f0_342, v0x7fefac4148f0_343, v0x7fefac4148f0_344;
v0x7fefac4148f0_345 .array/port v0x7fefac4148f0, 345;
v0x7fefac4148f0_346 .array/port v0x7fefac4148f0, 346;
v0x7fefac4148f0_347 .array/port v0x7fefac4148f0, 347;
v0x7fefac4148f0_348 .array/port v0x7fefac4148f0, 348;
E_0x7fefac403c50/87 .event edge, v0x7fefac4148f0_345, v0x7fefac4148f0_346, v0x7fefac4148f0_347, v0x7fefac4148f0_348;
v0x7fefac4148f0_349 .array/port v0x7fefac4148f0, 349;
v0x7fefac4148f0_350 .array/port v0x7fefac4148f0, 350;
v0x7fefac4148f0_351 .array/port v0x7fefac4148f0, 351;
v0x7fefac4148f0_352 .array/port v0x7fefac4148f0, 352;
E_0x7fefac403c50/88 .event edge, v0x7fefac4148f0_349, v0x7fefac4148f0_350, v0x7fefac4148f0_351, v0x7fefac4148f0_352;
v0x7fefac4148f0_353 .array/port v0x7fefac4148f0, 353;
v0x7fefac4148f0_354 .array/port v0x7fefac4148f0, 354;
v0x7fefac4148f0_355 .array/port v0x7fefac4148f0, 355;
v0x7fefac4148f0_356 .array/port v0x7fefac4148f0, 356;
E_0x7fefac403c50/89 .event edge, v0x7fefac4148f0_353, v0x7fefac4148f0_354, v0x7fefac4148f0_355, v0x7fefac4148f0_356;
v0x7fefac4148f0_357 .array/port v0x7fefac4148f0, 357;
v0x7fefac4148f0_358 .array/port v0x7fefac4148f0, 358;
v0x7fefac4148f0_359 .array/port v0x7fefac4148f0, 359;
v0x7fefac4148f0_360 .array/port v0x7fefac4148f0, 360;
E_0x7fefac403c50/90 .event edge, v0x7fefac4148f0_357, v0x7fefac4148f0_358, v0x7fefac4148f0_359, v0x7fefac4148f0_360;
v0x7fefac4148f0_361 .array/port v0x7fefac4148f0, 361;
v0x7fefac4148f0_362 .array/port v0x7fefac4148f0, 362;
v0x7fefac4148f0_363 .array/port v0x7fefac4148f0, 363;
v0x7fefac4148f0_364 .array/port v0x7fefac4148f0, 364;
E_0x7fefac403c50/91 .event edge, v0x7fefac4148f0_361, v0x7fefac4148f0_362, v0x7fefac4148f0_363, v0x7fefac4148f0_364;
v0x7fefac4148f0_365 .array/port v0x7fefac4148f0, 365;
v0x7fefac4148f0_366 .array/port v0x7fefac4148f0, 366;
v0x7fefac4148f0_367 .array/port v0x7fefac4148f0, 367;
v0x7fefac4148f0_368 .array/port v0x7fefac4148f0, 368;
E_0x7fefac403c50/92 .event edge, v0x7fefac4148f0_365, v0x7fefac4148f0_366, v0x7fefac4148f0_367, v0x7fefac4148f0_368;
v0x7fefac4148f0_369 .array/port v0x7fefac4148f0, 369;
v0x7fefac4148f0_370 .array/port v0x7fefac4148f0, 370;
v0x7fefac4148f0_371 .array/port v0x7fefac4148f0, 371;
v0x7fefac4148f0_372 .array/port v0x7fefac4148f0, 372;
E_0x7fefac403c50/93 .event edge, v0x7fefac4148f0_369, v0x7fefac4148f0_370, v0x7fefac4148f0_371, v0x7fefac4148f0_372;
v0x7fefac4148f0_373 .array/port v0x7fefac4148f0, 373;
v0x7fefac4148f0_374 .array/port v0x7fefac4148f0, 374;
v0x7fefac4148f0_375 .array/port v0x7fefac4148f0, 375;
v0x7fefac4148f0_376 .array/port v0x7fefac4148f0, 376;
E_0x7fefac403c50/94 .event edge, v0x7fefac4148f0_373, v0x7fefac4148f0_374, v0x7fefac4148f0_375, v0x7fefac4148f0_376;
v0x7fefac4148f0_377 .array/port v0x7fefac4148f0, 377;
v0x7fefac4148f0_378 .array/port v0x7fefac4148f0, 378;
v0x7fefac4148f0_379 .array/port v0x7fefac4148f0, 379;
v0x7fefac4148f0_380 .array/port v0x7fefac4148f0, 380;
E_0x7fefac403c50/95 .event edge, v0x7fefac4148f0_377, v0x7fefac4148f0_378, v0x7fefac4148f0_379, v0x7fefac4148f0_380;
v0x7fefac4148f0_381 .array/port v0x7fefac4148f0, 381;
v0x7fefac4148f0_382 .array/port v0x7fefac4148f0, 382;
v0x7fefac4148f0_383 .array/port v0x7fefac4148f0, 383;
v0x7fefac4148f0_384 .array/port v0x7fefac4148f0, 384;
E_0x7fefac403c50/96 .event edge, v0x7fefac4148f0_381, v0x7fefac4148f0_382, v0x7fefac4148f0_383, v0x7fefac4148f0_384;
v0x7fefac4148f0_385 .array/port v0x7fefac4148f0, 385;
v0x7fefac4148f0_386 .array/port v0x7fefac4148f0, 386;
v0x7fefac4148f0_387 .array/port v0x7fefac4148f0, 387;
v0x7fefac4148f0_388 .array/port v0x7fefac4148f0, 388;
E_0x7fefac403c50/97 .event edge, v0x7fefac4148f0_385, v0x7fefac4148f0_386, v0x7fefac4148f0_387, v0x7fefac4148f0_388;
v0x7fefac4148f0_389 .array/port v0x7fefac4148f0, 389;
v0x7fefac4148f0_390 .array/port v0x7fefac4148f0, 390;
v0x7fefac4148f0_391 .array/port v0x7fefac4148f0, 391;
v0x7fefac4148f0_392 .array/port v0x7fefac4148f0, 392;
E_0x7fefac403c50/98 .event edge, v0x7fefac4148f0_389, v0x7fefac4148f0_390, v0x7fefac4148f0_391, v0x7fefac4148f0_392;
v0x7fefac4148f0_393 .array/port v0x7fefac4148f0, 393;
v0x7fefac4148f0_394 .array/port v0x7fefac4148f0, 394;
v0x7fefac4148f0_395 .array/port v0x7fefac4148f0, 395;
v0x7fefac4148f0_396 .array/port v0x7fefac4148f0, 396;
E_0x7fefac403c50/99 .event edge, v0x7fefac4148f0_393, v0x7fefac4148f0_394, v0x7fefac4148f0_395, v0x7fefac4148f0_396;
v0x7fefac4148f0_397 .array/port v0x7fefac4148f0, 397;
v0x7fefac4148f0_398 .array/port v0x7fefac4148f0, 398;
v0x7fefac4148f0_399 .array/port v0x7fefac4148f0, 399;
v0x7fefac4148f0_400 .array/port v0x7fefac4148f0, 400;
E_0x7fefac403c50/100 .event edge, v0x7fefac4148f0_397, v0x7fefac4148f0_398, v0x7fefac4148f0_399, v0x7fefac4148f0_400;
v0x7fefac4148f0_401 .array/port v0x7fefac4148f0, 401;
v0x7fefac4148f0_402 .array/port v0x7fefac4148f0, 402;
v0x7fefac4148f0_403 .array/port v0x7fefac4148f0, 403;
v0x7fefac4148f0_404 .array/port v0x7fefac4148f0, 404;
E_0x7fefac403c50/101 .event edge, v0x7fefac4148f0_401, v0x7fefac4148f0_402, v0x7fefac4148f0_403, v0x7fefac4148f0_404;
v0x7fefac4148f0_405 .array/port v0x7fefac4148f0, 405;
v0x7fefac4148f0_406 .array/port v0x7fefac4148f0, 406;
v0x7fefac4148f0_407 .array/port v0x7fefac4148f0, 407;
v0x7fefac4148f0_408 .array/port v0x7fefac4148f0, 408;
E_0x7fefac403c50/102 .event edge, v0x7fefac4148f0_405, v0x7fefac4148f0_406, v0x7fefac4148f0_407, v0x7fefac4148f0_408;
v0x7fefac4148f0_409 .array/port v0x7fefac4148f0, 409;
v0x7fefac4148f0_410 .array/port v0x7fefac4148f0, 410;
v0x7fefac4148f0_411 .array/port v0x7fefac4148f0, 411;
v0x7fefac4148f0_412 .array/port v0x7fefac4148f0, 412;
E_0x7fefac403c50/103 .event edge, v0x7fefac4148f0_409, v0x7fefac4148f0_410, v0x7fefac4148f0_411, v0x7fefac4148f0_412;
v0x7fefac4148f0_413 .array/port v0x7fefac4148f0, 413;
v0x7fefac4148f0_414 .array/port v0x7fefac4148f0, 414;
v0x7fefac4148f0_415 .array/port v0x7fefac4148f0, 415;
v0x7fefac4148f0_416 .array/port v0x7fefac4148f0, 416;
E_0x7fefac403c50/104 .event edge, v0x7fefac4148f0_413, v0x7fefac4148f0_414, v0x7fefac4148f0_415, v0x7fefac4148f0_416;
v0x7fefac4148f0_417 .array/port v0x7fefac4148f0, 417;
v0x7fefac4148f0_418 .array/port v0x7fefac4148f0, 418;
v0x7fefac4148f0_419 .array/port v0x7fefac4148f0, 419;
v0x7fefac4148f0_420 .array/port v0x7fefac4148f0, 420;
E_0x7fefac403c50/105 .event edge, v0x7fefac4148f0_417, v0x7fefac4148f0_418, v0x7fefac4148f0_419, v0x7fefac4148f0_420;
v0x7fefac4148f0_421 .array/port v0x7fefac4148f0, 421;
v0x7fefac4148f0_422 .array/port v0x7fefac4148f0, 422;
v0x7fefac4148f0_423 .array/port v0x7fefac4148f0, 423;
v0x7fefac4148f0_424 .array/port v0x7fefac4148f0, 424;
E_0x7fefac403c50/106 .event edge, v0x7fefac4148f0_421, v0x7fefac4148f0_422, v0x7fefac4148f0_423, v0x7fefac4148f0_424;
v0x7fefac4148f0_425 .array/port v0x7fefac4148f0, 425;
v0x7fefac4148f0_426 .array/port v0x7fefac4148f0, 426;
v0x7fefac4148f0_427 .array/port v0x7fefac4148f0, 427;
v0x7fefac4148f0_428 .array/port v0x7fefac4148f0, 428;
E_0x7fefac403c50/107 .event edge, v0x7fefac4148f0_425, v0x7fefac4148f0_426, v0x7fefac4148f0_427, v0x7fefac4148f0_428;
v0x7fefac4148f0_429 .array/port v0x7fefac4148f0, 429;
v0x7fefac4148f0_430 .array/port v0x7fefac4148f0, 430;
v0x7fefac4148f0_431 .array/port v0x7fefac4148f0, 431;
v0x7fefac4148f0_432 .array/port v0x7fefac4148f0, 432;
E_0x7fefac403c50/108 .event edge, v0x7fefac4148f0_429, v0x7fefac4148f0_430, v0x7fefac4148f0_431, v0x7fefac4148f0_432;
v0x7fefac4148f0_433 .array/port v0x7fefac4148f0, 433;
v0x7fefac4148f0_434 .array/port v0x7fefac4148f0, 434;
v0x7fefac4148f0_435 .array/port v0x7fefac4148f0, 435;
v0x7fefac4148f0_436 .array/port v0x7fefac4148f0, 436;
E_0x7fefac403c50/109 .event edge, v0x7fefac4148f0_433, v0x7fefac4148f0_434, v0x7fefac4148f0_435, v0x7fefac4148f0_436;
v0x7fefac4148f0_437 .array/port v0x7fefac4148f0, 437;
v0x7fefac4148f0_438 .array/port v0x7fefac4148f0, 438;
v0x7fefac4148f0_439 .array/port v0x7fefac4148f0, 439;
v0x7fefac4148f0_440 .array/port v0x7fefac4148f0, 440;
E_0x7fefac403c50/110 .event edge, v0x7fefac4148f0_437, v0x7fefac4148f0_438, v0x7fefac4148f0_439, v0x7fefac4148f0_440;
v0x7fefac4148f0_441 .array/port v0x7fefac4148f0, 441;
v0x7fefac4148f0_442 .array/port v0x7fefac4148f0, 442;
v0x7fefac4148f0_443 .array/port v0x7fefac4148f0, 443;
v0x7fefac4148f0_444 .array/port v0x7fefac4148f0, 444;
E_0x7fefac403c50/111 .event edge, v0x7fefac4148f0_441, v0x7fefac4148f0_442, v0x7fefac4148f0_443, v0x7fefac4148f0_444;
v0x7fefac4148f0_445 .array/port v0x7fefac4148f0, 445;
v0x7fefac4148f0_446 .array/port v0x7fefac4148f0, 446;
v0x7fefac4148f0_447 .array/port v0x7fefac4148f0, 447;
v0x7fefac4148f0_448 .array/port v0x7fefac4148f0, 448;
E_0x7fefac403c50/112 .event edge, v0x7fefac4148f0_445, v0x7fefac4148f0_446, v0x7fefac4148f0_447, v0x7fefac4148f0_448;
v0x7fefac4148f0_449 .array/port v0x7fefac4148f0, 449;
v0x7fefac4148f0_450 .array/port v0x7fefac4148f0, 450;
v0x7fefac4148f0_451 .array/port v0x7fefac4148f0, 451;
v0x7fefac4148f0_452 .array/port v0x7fefac4148f0, 452;
E_0x7fefac403c50/113 .event edge, v0x7fefac4148f0_449, v0x7fefac4148f0_450, v0x7fefac4148f0_451, v0x7fefac4148f0_452;
v0x7fefac4148f0_453 .array/port v0x7fefac4148f0, 453;
v0x7fefac4148f0_454 .array/port v0x7fefac4148f0, 454;
v0x7fefac4148f0_455 .array/port v0x7fefac4148f0, 455;
v0x7fefac4148f0_456 .array/port v0x7fefac4148f0, 456;
E_0x7fefac403c50/114 .event edge, v0x7fefac4148f0_453, v0x7fefac4148f0_454, v0x7fefac4148f0_455, v0x7fefac4148f0_456;
v0x7fefac4148f0_457 .array/port v0x7fefac4148f0, 457;
v0x7fefac4148f0_458 .array/port v0x7fefac4148f0, 458;
v0x7fefac4148f0_459 .array/port v0x7fefac4148f0, 459;
v0x7fefac4148f0_460 .array/port v0x7fefac4148f0, 460;
E_0x7fefac403c50/115 .event edge, v0x7fefac4148f0_457, v0x7fefac4148f0_458, v0x7fefac4148f0_459, v0x7fefac4148f0_460;
v0x7fefac4148f0_461 .array/port v0x7fefac4148f0, 461;
v0x7fefac4148f0_462 .array/port v0x7fefac4148f0, 462;
v0x7fefac4148f0_463 .array/port v0x7fefac4148f0, 463;
v0x7fefac4148f0_464 .array/port v0x7fefac4148f0, 464;
E_0x7fefac403c50/116 .event edge, v0x7fefac4148f0_461, v0x7fefac4148f0_462, v0x7fefac4148f0_463, v0x7fefac4148f0_464;
v0x7fefac4148f0_465 .array/port v0x7fefac4148f0, 465;
v0x7fefac4148f0_466 .array/port v0x7fefac4148f0, 466;
v0x7fefac4148f0_467 .array/port v0x7fefac4148f0, 467;
v0x7fefac4148f0_468 .array/port v0x7fefac4148f0, 468;
E_0x7fefac403c50/117 .event edge, v0x7fefac4148f0_465, v0x7fefac4148f0_466, v0x7fefac4148f0_467, v0x7fefac4148f0_468;
v0x7fefac4148f0_469 .array/port v0x7fefac4148f0, 469;
v0x7fefac4148f0_470 .array/port v0x7fefac4148f0, 470;
v0x7fefac4148f0_471 .array/port v0x7fefac4148f0, 471;
v0x7fefac4148f0_472 .array/port v0x7fefac4148f0, 472;
E_0x7fefac403c50/118 .event edge, v0x7fefac4148f0_469, v0x7fefac4148f0_470, v0x7fefac4148f0_471, v0x7fefac4148f0_472;
v0x7fefac4148f0_473 .array/port v0x7fefac4148f0, 473;
v0x7fefac4148f0_474 .array/port v0x7fefac4148f0, 474;
v0x7fefac4148f0_475 .array/port v0x7fefac4148f0, 475;
v0x7fefac4148f0_476 .array/port v0x7fefac4148f0, 476;
E_0x7fefac403c50/119 .event edge, v0x7fefac4148f0_473, v0x7fefac4148f0_474, v0x7fefac4148f0_475, v0x7fefac4148f0_476;
v0x7fefac4148f0_477 .array/port v0x7fefac4148f0, 477;
v0x7fefac4148f0_478 .array/port v0x7fefac4148f0, 478;
v0x7fefac4148f0_479 .array/port v0x7fefac4148f0, 479;
v0x7fefac4148f0_480 .array/port v0x7fefac4148f0, 480;
E_0x7fefac403c50/120 .event edge, v0x7fefac4148f0_477, v0x7fefac4148f0_478, v0x7fefac4148f0_479, v0x7fefac4148f0_480;
v0x7fefac4148f0_481 .array/port v0x7fefac4148f0, 481;
v0x7fefac4148f0_482 .array/port v0x7fefac4148f0, 482;
v0x7fefac4148f0_483 .array/port v0x7fefac4148f0, 483;
v0x7fefac4148f0_484 .array/port v0x7fefac4148f0, 484;
E_0x7fefac403c50/121 .event edge, v0x7fefac4148f0_481, v0x7fefac4148f0_482, v0x7fefac4148f0_483, v0x7fefac4148f0_484;
v0x7fefac4148f0_485 .array/port v0x7fefac4148f0, 485;
v0x7fefac4148f0_486 .array/port v0x7fefac4148f0, 486;
v0x7fefac4148f0_487 .array/port v0x7fefac4148f0, 487;
v0x7fefac4148f0_488 .array/port v0x7fefac4148f0, 488;
E_0x7fefac403c50/122 .event edge, v0x7fefac4148f0_485, v0x7fefac4148f0_486, v0x7fefac4148f0_487, v0x7fefac4148f0_488;
v0x7fefac4148f0_489 .array/port v0x7fefac4148f0, 489;
v0x7fefac4148f0_490 .array/port v0x7fefac4148f0, 490;
v0x7fefac4148f0_491 .array/port v0x7fefac4148f0, 491;
v0x7fefac4148f0_492 .array/port v0x7fefac4148f0, 492;
E_0x7fefac403c50/123 .event edge, v0x7fefac4148f0_489, v0x7fefac4148f0_490, v0x7fefac4148f0_491, v0x7fefac4148f0_492;
v0x7fefac4148f0_493 .array/port v0x7fefac4148f0, 493;
v0x7fefac4148f0_494 .array/port v0x7fefac4148f0, 494;
v0x7fefac4148f0_495 .array/port v0x7fefac4148f0, 495;
v0x7fefac4148f0_496 .array/port v0x7fefac4148f0, 496;
E_0x7fefac403c50/124 .event edge, v0x7fefac4148f0_493, v0x7fefac4148f0_494, v0x7fefac4148f0_495, v0x7fefac4148f0_496;
v0x7fefac4148f0_497 .array/port v0x7fefac4148f0, 497;
v0x7fefac4148f0_498 .array/port v0x7fefac4148f0, 498;
v0x7fefac4148f0_499 .array/port v0x7fefac4148f0, 499;
v0x7fefac4148f0_500 .array/port v0x7fefac4148f0, 500;
E_0x7fefac403c50/125 .event edge, v0x7fefac4148f0_497, v0x7fefac4148f0_498, v0x7fefac4148f0_499, v0x7fefac4148f0_500;
v0x7fefac4148f0_501 .array/port v0x7fefac4148f0, 501;
v0x7fefac4148f0_502 .array/port v0x7fefac4148f0, 502;
v0x7fefac4148f0_503 .array/port v0x7fefac4148f0, 503;
v0x7fefac4148f0_504 .array/port v0x7fefac4148f0, 504;
E_0x7fefac403c50/126 .event edge, v0x7fefac4148f0_501, v0x7fefac4148f0_502, v0x7fefac4148f0_503, v0x7fefac4148f0_504;
v0x7fefac4148f0_505 .array/port v0x7fefac4148f0, 505;
v0x7fefac4148f0_506 .array/port v0x7fefac4148f0, 506;
v0x7fefac4148f0_507 .array/port v0x7fefac4148f0, 507;
v0x7fefac4148f0_508 .array/port v0x7fefac4148f0, 508;
E_0x7fefac403c50/127 .event edge, v0x7fefac4148f0_505, v0x7fefac4148f0_506, v0x7fefac4148f0_507, v0x7fefac4148f0_508;
v0x7fefac4148f0_509 .array/port v0x7fefac4148f0, 509;
v0x7fefac4148f0_510 .array/port v0x7fefac4148f0, 510;
v0x7fefac4148f0_511 .array/port v0x7fefac4148f0, 511;
v0x7fefac4148f0_512 .array/port v0x7fefac4148f0, 512;
E_0x7fefac403c50/128 .event edge, v0x7fefac4148f0_509, v0x7fefac4148f0_510, v0x7fefac4148f0_511, v0x7fefac4148f0_512;
v0x7fefac4148f0_513 .array/port v0x7fefac4148f0, 513;
v0x7fefac4148f0_514 .array/port v0x7fefac4148f0, 514;
v0x7fefac4148f0_515 .array/port v0x7fefac4148f0, 515;
v0x7fefac4148f0_516 .array/port v0x7fefac4148f0, 516;
E_0x7fefac403c50/129 .event edge, v0x7fefac4148f0_513, v0x7fefac4148f0_514, v0x7fefac4148f0_515, v0x7fefac4148f0_516;
v0x7fefac4148f0_517 .array/port v0x7fefac4148f0, 517;
v0x7fefac4148f0_518 .array/port v0x7fefac4148f0, 518;
v0x7fefac4148f0_519 .array/port v0x7fefac4148f0, 519;
v0x7fefac4148f0_520 .array/port v0x7fefac4148f0, 520;
E_0x7fefac403c50/130 .event edge, v0x7fefac4148f0_517, v0x7fefac4148f0_518, v0x7fefac4148f0_519, v0x7fefac4148f0_520;
v0x7fefac4148f0_521 .array/port v0x7fefac4148f0, 521;
v0x7fefac4148f0_522 .array/port v0x7fefac4148f0, 522;
v0x7fefac4148f0_523 .array/port v0x7fefac4148f0, 523;
v0x7fefac4148f0_524 .array/port v0x7fefac4148f0, 524;
E_0x7fefac403c50/131 .event edge, v0x7fefac4148f0_521, v0x7fefac4148f0_522, v0x7fefac4148f0_523, v0x7fefac4148f0_524;
v0x7fefac4148f0_525 .array/port v0x7fefac4148f0, 525;
v0x7fefac4148f0_526 .array/port v0x7fefac4148f0, 526;
v0x7fefac4148f0_527 .array/port v0x7fefac4148f0, 527;
v0x7fefac4148f0_528 .array/port v0x7fefac4148f0, 528;
E_0x7fefac403c50/132 .event edge, v0x7fefac4148f0_525, v0x7fefac4148f0_526, v0x7fefac4148f0_527, v0x7fefac4148f0_528;
v0x7fefac4148f0_529 .array/port v0x7fefac4148f0, 529;
v0x7fefac4148f0_530 .array/port v0x7fefac4148f0, 530;
v0x7fefac4148f0_531 .array/port v0x7fefac4148f0, 531;
v0x7fefac4148f0_532 .array/port v0x7fefac4148f0, 532;
E_0x7fefac403c50/133 .event edge, v0x7fefac4148f0_529, v0x7fefac4148f0_530, v0x7fefac4148f0_531, v0x7fefac4148f0_532;
v0x7fefac4148f0_533 .array/port v0x7fefac4148f0, 533;
v0x7fefac4148f0_534 .array/port v0x7fefac4148f0, 534;
v0x7fefac4148f0_535 .array/port v0x7fefac4148f0, 535;
v0x7fefac4148f0_536 .array/port v0x7fefac4148f0, 536;
E_0x7fefac403c50/134 .event edge, v0x7fefac4148f0_533, v0x7fefac4148f0_534, v0x7fefac4148f0_535, v0x7fefac4148f0_536;
v0x7fefac4148f0_537 .array/port v0x7fefac4148f0, 537;
v0x7fefac4148f0_538 .array/port v0x7fefac4148f0, 538;
v0x7fefac4148f0_539 .array/port v0x7fefac4148f0, 539;
v0x7fefac4148f0_540 .array/port v0x7fefac4148f0, 540;
E_0x7fefac403c50/135 .event edge, v0x7fefac4148f0_537, v0x7fefac4148f0_538, v0x7fefac4148f0_539, v0x7fefac4148f0_540;
v0x7fefac4148f0_541 .array/port v0x7fefac4148f0, 541;
v0x7fefac4148f0_542 .array/port v0x7fefac4148f0, 542;
v0x7fefac4148f0_543 .array/port v0x7fefac4148f0, 543;
v0x7fefac4148f0_544 .array/port v0x7fefac4148f0, 544;
E_0x7fefac403c50/136 .event edge, v0x7fefac4148f0_541, v0x7fefac4148f0_542, v0x7fefac4148f0_543, v0x7fefac4148f0_544;
v0x7fefac4148f0_545 .array/port v0x7fefac4148f0, 545;
v0x7fefac4148f0_546 .array/port v0x7fefac4148f0, 546;
v0x7fefac4148f0_547 .array/port v0x7fefac4148f0, 547;
v0x7fefac4148f0_548 .array/port v0x7fefac4148f0, 548;
E_0x7fefac403c50/137 .event edge, v0x7fefac4148f0_545, v0x7fefac4148f0_546, v0x7fefac4148f0_547, v0x7fefac4148f0_548;
v0x7fefac4148f0_549 .array/port v0x7fefac4148f0, 549;
v0x7fefac4148f0_550 .array/port v0x7fefac4148f0, 550;
v0x7fefac4148f0_551 .array/port v0x7fefac4148f0, 551;
v0x7fefac4148f0_552 .array/port v0x7fefac4148f0, 552;
E_0x7fefac403c50/138 .event edge, v0x7fefac4148f0_549, v0x7fefac4148f0_550, v0x7fefac4148f0_551, v0x7fefac4148f0_552;
v0x7fefac4148f0_553 .array/port v0x7fefac4148f0, 553;
v0x7fefac4148f0_554 .array/port v0x7fefac4148f0, 554;
v0x7fefac4148f0_555 .array/port v0x7fefac4148f0, 555;
v0x7fefac4148f0_556 .array/port v0x7fefac4148f0, 556;
E_0x7fefac403c50/139 .event edge, v0x7fefac4148f0_553, v0x7fefac4148f0_554, v0x7fefac4148f0_555, v0x7fefac4148f0_556;
v0x7fefac4148f0_557 .array/port v0x7fefac4148f0, 557;
v0x7fefac4148f0_558 .array/port v0x7fefac4148f0, 558;
v0x7fefac4148f0_559 .array/port v0x7fefac4148f0, 559;
v0x7fefac4148f0_560 .array/port v0x7fefac4148f0, 560;
E_0x7fefac403c50/140 .event edge, v0x7fefac4148f0_557, v0x7fefac4148f0_558, v0x7fefac4148f0_559, v0x7fefac4148f0_560;
v0x7fefac4148f0_561 .array/port v0x7fefac4148f0, 561;
v0x7fefac4148f0_562 .array/port v0x7fefac4148f0, 562;
v0x7fefac4148f0_563 .array/port v0x7fefac4148f0, 563;
v0x7fefac4148f0_564 .array/port v0x7fefac4148f0, 564;
E_0x7fefac403c50/141 .event edge, v0x7fefac4148f0_561, v0x7fefac4148f0_562, v0x7fefac4148f0_563, v0x7fefac4148f0_564;
v0x7fefac4148f0_565 .array/port v0x7fefac4148f0, 565;
v0x7fefac4148f0_566 .array/port v0x7fefac4148f0, 566;
v0x7fefac4148f0_567 .array/port v0x7fefac4148f0, 567;
v0x7fefac4148f0_568 .array/port v0x7fefac4148f0, 568;
E_0x7fefac403c50/142 .event edge, v0x7fefac4148f0_565, v0x7fefac4148f0_566, v0x7fefac4148f0_567, v0x7fefac4148f0_568;
v0x7fefac4148f0_569 .array/port v0x7fefac4148f0, 569;
v0x7fefac4148f0_570 .array/port v0x7fefac4148f0, 570;
v0x7fefac4148f0_571 .array/port v0x7fefac4148f0, 571;
v0x7fefac4148f0_572 .array/port v0x7fefac4148f0, 572;
E_0x7fefac403c50/143 .event edge, v0x7fefac4148f0_569, v0x7fefac4148f0_570, v0x7fefac4148f0_571, v0x7fefac4148f0_572;
v0x7fefac4148f0_573 .array/port v0x7fefac4148f0, 573;
v0x7fefac4148f0_574 .array/port v0x7fefac4148f0, 574;
v0x7fefac4148f0_575 .array/port v0x7fefac4148f0, 575;
v0x7fefac4148f0_576 .array/port v0x7fefac4148f0, 576;
E_0x7fefac403c50/144 .event edge, v0x7fefac4148f0_573, v0x7fefac4148f0_574, v0x7fefac4148f0_575, v0x7fefac4148f0_576;
v0x7fefac4148f0_577 .array/port v0x7fefac4148f0, 577;
v0x7fefac4148f0_578 .array/port v0x7fefac4148f0, 578;
v0x7fefac4148f0_579 .array/port v0x7fefac4148f0, 579;
v0x7fefac4148f0_580 .array/port v0x7fefac4148f0, 580;
E_0x7fefac403c50/145 .event edge, v0x7fefac4148f0_577, v0x7fefac4148f0_578, v0x7fefac4148f0_579, v0x7fefac4148f0_580;
v0x7fefac4148f0_581 .array/port v0x7fefac4148f0, 581;
v0x7fefac4148f0_582 .array/port v0x7fefac4148f0, 582;
v0x7fefac4148f0_583 .array/port v0x7fefac4148f0, 583;
v0x7fefac4148f0_584 .array/port v0x7fefac4148f0, 584;
E_0x7fefac403c50/146 .event edge, v0x7fefac4148f0_581, v0x7fefac4148f0_582, v0x7fefac4148f0_583, v0x7fefac4148f0_584;
v0x7fefac4148f0_585 .array/port v0x7fefac4148f0, 585;
v0x7fefac4148f0_586 .array/port v0x7fefac4148f0, 586;
v0x7fefac4148f0_587 .array/port v0x7fefac4148f0, 587;
v0x7fefac4148f0_588 .array/port v0x7fefac4148f0, 588;
E_0x7fefac403c50/147 .event edge, v0x7fefac4148f0_585, v0x7fefac4148f0_586, v0x7fefac4148f0_587, v0x7fefac4148f0_588;
v0x7fefac4148f0_589 .array/port v0x7fefac4148f0, 589;
v0x7fefac4148f0_590 .array/port v0x7fefac4148f0, 590;
v0x7fefac4148f0_591 .array/port v0x7fefac4148f0, 591;
v0x7fefac4148f0_592 .array/port v0x7fefac4148f0, 592;
E_0x7fefac403c50/148 .event edge, v0x7fefac4148f0_589, v0x7fefac4148f0_590, v0x7fefac4148f0_591, v0x7fefac4148f0_592;
v0x7fefac4148f0_593 .array/port v0x7fefac4148f0, 593;
v0x7fefac4148f0_594 .array/port v0x7fefac4148f0, 594;
v0x7fefac4148f0_595 .array/port v0x7fefac4148f0, 595;
v0x7fefac4148f0_596 .array/port v0x7fefac4148f0, 596;
E_0x7fefac403c50/149 .event edge, v0x7fefac4148f0_593, v0x7fefac4148f0_594, v0x7fefac4148f0_595, v0x7fefac4148f0_596;
v0x7fefac4148f0_597 .array/port v0x7fefac4148f0, 597;
v0x7fefac4148f0_598 .array/port v0x7fefac4148f0, 598;
v0x7fefac4148f0_599 .array/port v0x7fefac4148f0, 599;
v0x7fefac4148f0_600 .array/port v0x7fefac4148f0, 600;
E_0x7fefac403c50/150 .event edge, v0x7fefac4148f0_597, v0x7fefac4148f0_598, v0x7fefac4148f0_599, v0x7fefac4148f0_600;
v0x7fefac4148f0_601 .array/port v0x7fefac4148f0, 601;
v0x7fefac4148f0_602 .array/port v0x7fefac4148f0, 602;
v0x7fefac4148f0_603 .array/port v0x7fefac4148f0, 603;
v0x7fefac4148f0_604 .array/port v0x7fefac4148f0, 604;
E_0x7fefac403c50/151 .event edge, v0x7fefac4148f0_601, v0x7fefac4148f0_602, v0x7fefac4148f0_603, v0x7fefac4148f0_604;
v0x7fefac4148f0_605 .array/port v0x7fefac4148f0, 605;
v0x7fefac4148f0_606 .array/port v0x7fefac4148f0, 606;
v0x7fefac4148f0_607 .array/port v0x7fefac4148f0, 607;
v0x7fefac4148f0_608 .array/port v0x7fefac4148f0, 608;
E_0x7fefac403c50/152 .event edge, v0x7fefac4148f0_605, v0x7fefac4148f0_606, v0x7fefac4148f0_607, v0x7fefac4148f0_608;
v0x7fefac4148f0_609 .array/port v0x7fefac4148f0, 609;
v0x7fefac4148f0_610 .array/port v0x7fefac4148f0, 610;
v0x7fefac4148f0_611 .array/port v0x7fefac4148f0, 611;
v0x7fefac4148f0_612 .array/port v0x7fefac4148f0, 612;
E_0x7fefac403c50/153 .event edge, v0x7fefac4148f0_609, v0x7fefac4148f0_610, v0x7fefac4148f0_611, v0x7fefac4148f0_612;
v0x7fefac4148f0_613 .array/port v0x7fefac4148f0, 613;
v0x7fefac4148f0_614 .array/port v0x7fefac4148f0, 614;
v0x7fefac4148f0_615 .array/port v0x7fefac4148f0, 615;
v0x7fefac4148f0_616 .array/port v0x7fefac4148f0, 616;
E_0x7fefac403c50/154 .event edge, v0x7fefac4148f0_613, v0x7fefac4148f0_614, v0x7fefac4148f0_615, v0x7fefac4148f0_616;
v0x7fefac4148f0_617 .array/port v0x7fefac4148f0, 617;
v0x7fefac4148f0_618 .array/port v0x7fefac4148f0, 618;
v0x7fefac4148f0_619 .array/port v0x7fefac4148f0, 619;
v0x7fefac4148f0_620 .array/port v0x7fefac4148f0, 620;
E_0x7fefac403c50/155 .event edge, v0x7fefac4148f0_617, v0x7fefac4148f0_618, v0x7fefac4148f0_619, v0x7fefac4148f0_620;
v0x7fefac4148f0_621 .array/port v0x7fefac4148f0, 621;
v0x7fefac4148f0_622 .array/port v0x7fefac4148f0, 622;
v0x7fefac4148f0_623 .array/port v0x7fefac4148f0, 623;
v0x7fefac4148f0_624 .array/port v0x7fefac4148f0, 624;
E_0x7fefac403c50/156 .event edge, v0x7fefac4148f0_621, v0x7fefac4148f0_622, v0x7fefac4148f0_623, v0x7fefac4148f0_624;
v0x7fefac4148f0_625 .array/port v0x7fefac4148f0, 625;
v0x7fefac4148f0_626 .array/port v0x7fefac4148f0, 626;
v0x7fefac4148f0_627 .array/port v0x7fefac4148f0, 627;
v0x7fefac4148f0_628 .array/port v0x7fefac4148f0, 628;
E_0x7fefac403c50/157 .event edge, v0x7fefac4148f0_625, v0x7fefac4148f0_626, v0x7fefac4148f0_627, v0x7fefac4148f0_628;
v0x7fefac4148f0_629 .array/port v0x7fefac4148f0, 629;
v0x7fefac4148f0_630 .array/port v0x7fefac4148f0, 630;
v0x7fefac4148f0_631 .array/port v0x7fefac4148f0, 631;
v0x7fefac4148f0_632 .array/port v0x7fefac4148f0, 632;
E_0x7fefac403c50/158 .event edge, v0x7fefac4148f0_629, v0x7fefac4148f0_630, v0x7fefac4148f0_631, v0x7fefac4148f0_632;
v0x7fefac4148f0_633 .array/port v0x7fefac4148f0, 633;
v0x7fefac4148f0_634 .array/port v0x7fefac4148f0, 634;
v0x7fefac4148f0_635 .array/port v0x7fefac4148f0, 635;
v0x7fefac4148f0_636 .array/port v0x7fefac4148f0, 636;
E_0x7fefac403c50/159 .event edge, v0x7fefac4148f0_633, v0x7fefac4148f0_634, v0x7fefac4148f0_635, v0x7fefac4148f0_636;
v0x7fefac4148f0_637 .array/port v0x7fefac4148f0, 637;
v0x7fefac4148f0_638 .array/port v0x7fefac4148f0, 638;
v0x7fefac4148f0_639 .array/port v0x7fefac4148f0, 639;
v0x7fefac4148f0_640 .array/port v0x7fefac4148f0, 640;
E_0x7fefac403c50/160 .event edge, v0x7fefac4148f0_637, v0x7fefac4148f0_638, v0x7fefac4148f0_639, v0x7fefac4148f0_640;
v0x7fefac4148f0_641 .array/port v0x7fefac4148f0, 641;
v0x7fefac4148f0_642 .array/port v0x7fefac4148f0, 642;
v0x7fefac4148f0_643 .array/port v0x7fefac4148f0, 643;
v0x7fefac4148f0_644 .array/port v0x7fefac4148f0, 644;
E_0x7fefac403c50/161 .event edge, v0x7fefac4148f0_641, v0x7fefac4148f0_642, v0x7fefac4148f0_643, v0x7fefac4148f0_644;
v0x7fefac4148f0_645 .array/port v0x7fefac4148f0, 645;
v0x7fefac4148f0_646 .array/port v0x7fefac4148f0, 646;
v0x7fefac4148f0_647 .array/port v0x7fefac4148f0, 647;
v0x7fefac4148f0_648 .array/port v0x7fefac4148f0, 648;
E_0x7fefac403c50/162 .event edge, v0x7fefac4148f0_645, v0x7fefac4148f0_646, v0x7fefac4148f0_647, v0x7fefac4148f0_648;
v0x7fefac4148f0_649 .array/port v0x7fefac4148f0, 649;
v0x7fefac4148f0_650 .array/port v0x7fefac4148f0, 650;
v0x7fefac4148f0_651 .array/port v0x7fefac4148f0, 651;
v0x7fefac4148f0_652 .array/port v0x7fefac4148f0, 652;
E_0x7fefac403c50/163 .event edge, v0x7fefac4148f0_649, v0x7fefac4148f0_650, v0x7fefac4148f0_651, v0x7fefac4148f0_652;
v0x7fefac4148f0_653 .array/port v0x7fefac4148f0, 653;
v0x7fefac4148f0_654 .array/port v0x7fefac4148f0, 654;
v0x7fefac4148f0_655 .array/port v0x7fefac4148f0, 655;
v0x7fefac4148f0_656 .array/port v0x7fefac4148f0, 656;
E_0x7fefac403c50/164 .event edge, v0x7fefac4148f0_653, v0x7fefac4148f0_654, v0x7fefac4148f0_655, v0x7fefac4148f0_656;
v0x7fefac4148f0_657 .array/port v0x7fefac4148f0, 657;
v0x7fefac4148f0_658 .array/port v0x7fefac4148f0, 658;
v0x7fefac4148f0_659 .array/port v0x7fefac4148f0, 659;
v0x7fefac4148f0_660 .array/port v0x7fefac4148f0, 660;
E_0x7fefac403c50/165 .event edge, v0x7fefac4148f0_657, v0x7fefac4148f0_658, v0x7fefac4148f0_659, v0x7fefac4148f0_660;
v0x7fefac4148f0_661 .array/port v0x7fefac4148f0, 661;
v0x7fefac4148f0_662 .array/port v0x7fefac4148f0, 662;
v0x7fefac4148f0_663 .array/port v0x7fefac4148f0, 663;
v0x7fefac4148f0_664 .array/port v0x7fefac4148f0, 664;
E_0x7fefac403c50/166 .event edge, v0x7fefac4148f0_661, v0x7fefac4148f0_662, v0x7fefac4148f0_663, v0x7fefac4148f0_664;
v0x7fefac4148f0_665 .array/port v0x7fefac4148f0, 665;
v0x7fefac4148f0_666 .array/port v0x7fefac4148f0, 666;
v0x7fefac4148f0_667 .array/port v0x7fefac4148f0, 667;
v0x7fefac4148f0_668 .array/port v0x7fefac4148f0, 668;
E_0x7fefac403c50/167 .event edge, v0x7fefac4148f0_665, v0x7fefac4148f0_666, v0x7fefac4148f0_667, v0x7fefac4148f0_668;
v0x7fefac4148f0_669 .array/port v0x7fefac4148f0, 669;
v0x7fefac4148f0_670 .array/port v0x7fefac4148f0, 670;
v0x7fefac4148f0_671 .array/port v0x7fefac4148f0, 671;
v0x7fefac4148f0_672 .array/port v0x7fefac4148f0, 672;
E_0x7fefac403c50/168 .event edge, v0x7fefac4148f0_669, v0x7fefac4148f0_670, v0x7fefac4148f0_671, v0x7fefac4148f0_672;
v0x7fefac4148f0_673 .array/port v0x7fefac4148f0, 673;
v0x7fefac4148f0_674 .array/port v0x7fefac4148f0, 674;
v0x7fefac4148f0_675 .array/port v0x7fefac4148f0, 675;
v0x7fefac4148f0_676 .array/port v0x7fefac4148f0, 676;
E_0x7fefac403c50/169 .event edge, v0x7fefac4148f0_673, v0x7fefac4148f0_674, v0x7fefac4148f0_675, v0x7fefac4148f0_676;
v0x7fefac4148f0_677 .array/port v0x7fefac4148f0, 677;
v0x7fefac4148f0_678 .array/port v0x7fefac4148f0, 678;
v0x7fefac4148f0_679 .array/port v0x7fefac4148f0, 679;
v0x7fefac4148f0_680 .array/port v0x7fefac4148f0, 680;
E_0x7fefac403c50/170 .event edge, v0x7fefac4148f0_677, v0x7fefac4148f0_678, v0x7fefac4148f0_679, v0x7fefac4148f0_680;
v0x7fefac4148f0_681 .array/port v0x7fefac4148f0, 681;
v0x7fefac4148f0_682 .array/port v0x7fefac4148f0, 682;
v0x7fefac4148f0_683 .array/port v0x7fefac4148f0, 683;
v0x7fefac4148f0_684 .array/port v0x7fefac4148f0, 684;
E_0x7fefac403c50/171 .event edge, v0x7fefac4148f0_681, v0x7fefac4148f0_682, v0x7fefac4148f0_683, v0x7fefac4148f0_684;
v0x7fefac4148f0_685 .array/port v0x7fefac4148f0, 685;
v0x7fefac4148f0_686 .array/port v0x7fefac4148f0, 686;
v0x7fefac4148f0_687 .array/port v0x7fefac4148f0, 687;
v0x7fefac4148f0_688 .array/port v0x7fefac4148f0, 688;
E_0x7fefac403c50/172 .event edge, v0x7fefac4148f0_685, v0x7fefac4148f0_686, v0x7fefac4148f0_687, v0x7fefac4148f0_688;
v0x7fefac4148f0_689 .array/port v0x7fefac4148f0, 689;
v0x7fefac4148f0_690 .array/port v0x7fefac4148f0, 690;
v0x7fefac4148f0_691 .array/port v0x7fefac4148f0, 691;
v0x7fefac4148f0_692 .array/port v0x7fefac4148f0, 692;
E_0x7fefac403c50/173 .event edge, v0x7fefac4148f0_689, v0x7fefac4148f0_690, v0x7fefac4148f0_691, v0x7fefac4148f0_692;
v0x7fefac4148f0_693 .array/port v0x7fefac4148f0, 693;
v0x7fefac4148f0_694 .array/port v0x7fefac4148f0, 694;
v0x7fefac4148f0_695 .array/port v0x7fefac4148f0, 695;
v0x7fefac4148f0_696 .array/port v0x7fefac4148f0, 696;
E_0x7fefac403c50/174 .event edge, v0x7fefac4148f0_693, v0x7fefac4148f0_694, v0x7fefac4148f0_695, v0x7fefac4148f0_696;
v0x7fefac4148f0_697 .array/port v0x7fefac4148f0, 697;
v0x7fefac4148f0_698 .array/port v0x7fefac4148f0, 698;
v0x7fefac4148f0_699 .array/port v0x7fefac4148f0, 699;
v0x7fefac4148f0_700 .array/port v0x7fefac4148f0, 700;
E_0x7fefac403c50/175 .event edge, v0x7fefac4148f0_697, v0x7fefac4148f0_698, v0x7fefac4148f0_699, v0x7fefac4148f0_700;
v0x7fefac4148f0_701 .array/port v0x7fefac4148f0, 701;
v0x7fefac4148f0_702 .array/port v0x7fefac4148f0, 702;
v0x7fefac4148f0_703 .array/port v0x7fefac4148f0, 703;
v0x7fefac4148f0_704 .array/port v0x7fefac4148f0, 704;
E_0x7fefac403c50/176 .event edge, v0x7fefac4148f0_701, v0x7fefac4148f0_702, v0x7fefac4148f0_703, v0x7fefac4148f0_704;
v0x7fefac4148f0_705 .array/port v0x7fefac4148f0, 705;
v0x7fefac4148f0_706 .array/port v0x7fefac4148f0, 706;
v0x7fefac4148f0_707 .array/port v0x7fefac4148f0, 707;
v0x7fefac4148f0_708 .array/port v0x7fefac4148f0, 708;
E_0x7fefac403c50/177 .event edge, v0x7fefac4148f0_705, v0x7fefac4148f0_706, v0x7fefac4148f0_707, v0x7fefac4148f0_708;
v0x7fefac4148f0_709 .array/port v0x7fefac4148f0, 709;
v0x7fefac4148f0_710 .array/port v0x7fefac4148f0, 710;
v0x7fefac4148f0_711 .array/port v0x7fefac4148f0, 711;
v0x7fefac4148f0_712 .array/port v0x7fefac4148f0, 712;
E_0x7fefac403c50/178 .event edge, v0x7fefac4148f0_709, v0x7fefac4148f0_710, v0x7fefac4148f0_711, v0x7fefac4148f0_712;
v0x7fefac4148f0_713 .array/port v0x7fefac4148f0, 713;
v0x7fefac4148f0_714 .array/port v0x7fefac4148f0, 714;
v0x7fefac4148f0_715 .array/port v0x7fefac4148f0, 715;
v0x7fefac4148f0_716 .array/port v0x7fefac4148f0, 716;
E_0x7fefac403c50/179 .event edge, v0x7fefac4148f0_713, v0x7fefac4148f0_714, v0x7fefac4148f0_715, v0x7fefac4148f0_716;
v0x7fefac4148f0_717 .array/port v0x7fefac4148f0, 717;
v0x7fefac4148f0_718 .array/port v0x7fefac4148f0, 718;
v0x7fefac4148f0_719 .array/port v0x7fefac4148f0, 719;
v0x7fefac4148f0_720 .array/port v0x7fefac4148f0, 720;
E_0x7fefac403c50/180 .event edge, v0x7fefac4148f0_717, v0x7fefac4148f0_718, v0x7fefac4148f0_719, v0x7fefac4148f0_720;
v0x7fefac4148f0_721 .array/port v0x7fefac4148f0, 721;
v0x7fefac4148f0_722 .array/port v0x7fefac4148f0, 722;
v0x7fefac4148f0_723 .array/port v0x7fefac4148f0, 723;
v0x7fefac4148f0_724 .array/port v0x7fefac4148f0, 724;
E_0x7fefac403c50/181 .event edge, v0x7fefac4148f0_721, v0x7fefac4148f0_722, v0x7fefac4148f0_723, v0x7fefac4148f0_724;
v0x7fefac4148f0_725 .array/port v0x7fefac4148f0, 725;
v0x7fefac4148f0_726 .array/port v0x7fefac4148f0, 726;
v0x7fefac4148f0_727 .array/port v0x7fefac4148f0, 727;
v0x7fefac4148f0_728 .array/port v0x7fefac4148f0, 728;
E_0x7fefac403c50/182 .event edge, v0x7fefac4148f0_725, v0x7fefac4148f0_726, v0x7fefac4148f0_727, v0x7fefac4148f0_728;
v0x7fefac4148f0_729 .array/port v0x7fefac4148f0, 729;
v0x7fefac4148f0_730 .array/port v0x7fefac4148f0, 730;
v0x7fefac4148f0_731 .array/port v0x7fefac4148f0, 731;
v0x7fefac4148f0_732 .array/port v0x7fefac4148f0, 732;
E_0x7fefac403c50/183 .event edge, v0x7fefac4148f0_729, v0x7fefac4148f0_730, v0x7fefac4148f0_731, v0x7fefac4148f0_732;
v0x7fefac4148f0_733 .array/port v0x7fefac4148f0, 733;
v0x7fefac4148f0_734 .array/port v0x7fefac4148f0, 734;
v0x7fefac4148f0_735 .array/port v0x7fefac4148f0, 735;
v0x7fefac4148f0_736 .array/port v0x7fefac4148f0, 736;
E_0x7fefac403c50/184 .event edge, v0x7fefac4148f0_733, v0x7fefac4148f0_734, v0x7fefac4148f0_735, v0x7fefac4148f0_736;
v0x7fefac4148f0_737 .array/port v0x7fefac4148f0, 737;
v0x7fefac4148f0_738 .array/port v0x7fefac4148f0, 738;
v0x7fefac4148f0_739 .array/port v0x7fefac4148f0, 739;
v0x7fefac4148f0_740 .array/port v0x7fefac4148f0, 740;
E_0x7fefac403c50/185 .event edge, v0x7fefac4148f0_737, v0x7fefac4148f0_738, v0x7fefac4148f0_739, v0x7fefac4148f0_740;
v0x7fefac4148f0_741 .array/port v0x7fefac4148f0, 741;
v0x7fefac4148f0_742 .array/port v0x7fefac4148f0, 742;
v0x7fefac4148f0_743 .array/port v0x7fefac4148f0, 743;
v0x7fefac4148f0_744 .array/port v0x7fefac4148f0, 744;
E_0x7fefac403c50/186 .event edge, v0x7fefac4148f0_741, v0x7fefac4148f0_742, v0x7fefac4148f0_743, v0x7fefac4148f0_744;
v0x7fefac4148f0_745 .array/port v0x7fefac4148f0, 745;
v0x7fefac4148f0_746 .array/port v0x7fefac4148f0, 746;
v0x7fefac4148f0_747 .array/port v0x7fefac4148f0, 747;
v0x7fefac4148f0_748 .array/port v0x7fefac4148f0, 748;
E_0x7fefac403c50/187 .event edge, v0x7fefac4148f0_745, v0x7fefac4148f0_746, v0x7fefac4148f0_747, v0x7fefac4148f0_748;
v0x7fefac4148f0_749 .array/port v0x7fefac4148f0, 749;
v0x7fefac4148f0_750 .array/port v0x7fefac4148f0, 750;
v0x7fefac4148f0_751 .array/port v0x7fefac4148f0, 751;
v0x7fefac4148f0_752 .array/port v0x7fefac4148f0, 752;
E_0x7fefac403c50/188 .event edge, v0x7fefac4148f0_749, v0x7fefac4148f0_750, v0x7fefac4148f0_751, v0x7fefac4148f0_752;
v0x7fefac4148f0_753 .array/port v0x7fefac4148f0, 753;
v0x7fefac4148f0_754 .array/port v0x7fefac4148f0, 754;
v0x7fefac4148f0_755 .array/port v0x7fefac4148f0, 755;
v0x7fefac4148f0_756 .array/port v0x7fefac4148f0, 756;
E_0x7fefac403c50/189 .event edge, v0x7fefac4148f0_753, v0x7fefac4148f0_754, v0x7fefac4148f0_755, v0x7fefac4148f0_756;
v0x7fefac4148f0_757 .array/port v0x7fefac4148f0, 757;
v0x7fefac4148f0_758 .array/port v0x7fefac4148f0, 758;
v0x7fefac4148f0_759 .array/port v0x7fefac4148f0, 759;
v0x7fefac4148f0_760 .array/port v0x7fefac4148f0, 760;
E_0x7fefac403c50/190 .event edge, v0x7fefac4148f0_757, v0x7fefac4148f0_758, v0x7fefac4148f0_759, v0x7fefac4148f0_760;
v0x7fefac4148f0_761 .array/port v0x7fefac4148f0, 761;
v0x7fefac4148f0_762 .array/port v0x7fefac4148f0, 762;
v0x7fefac4148f0_763 .array/port v0x7fefac4148f0, 763;
v0x7fefac4148f0_764 .array/port v0x7fefac4148f0, 764;
E_0x7fefac403c50/191 .event edge, v0x7fefac4148f0_761, v0x7fefac4148f0_762, v0x7fefac4148f0_763, v0x7fefac4148f0_764;
v0x7fefac4148f0_765 .array/port v0x7fefac4148f0, 765;
v0x7fefac4148f0_766 .array/port v0x7fefac4148f0, 766;
v0x7fefac4148f0_767 .array/port v0x7fefac4148f0, 767;
v0x7fefac4148f0_768 .array/port v0x7fefac4148f0, 768;
E_0x7fefac403c50/192 .event edge, v0x7fefac4148f0_765, v0x7fefac4148f0_766, v0x7fefac4148f0_767, v0x7fefac4148f0_768;
v0x7fefac4148f0_769 .array/port v0x7fefac4148f0, 769;
v0x7fefac4148f0_770 .array/port v0x7fefac4148f0, 770;
v0x7fefac4148f0_771 .array/port v0x7fefac4148f0, 771;
v0x7fefac4148f0_772 .array/port v0x7fefac4148f0, 772;
E_0x7fefac403c50/193 .event edge, v0x7fefac4148f0_769, v0x7fefac4148f0_770, v0x7fefac4148f0_771, v0x7fefac4148f0_772;
v0x7fefac4148f0_773 .array/port v0x7fefac4148f0, 773;
v0x7fefac4148f0_774 .array/port v0x7fefac4148f0, 774;
v0x7fefac4148f0_775 .array/port v0x7fefac4148f0, 775;
v0x7fefac4148f0_776 .array/port v0x7fefac4148f0, 776;
E_0x7fefac403c50/194 .event edge, v0x7fefac4148f0_773, v0x7fefac4148f0_774, v0x7fefac4148f0_775, v0x7fefac4148f0_776;
v0x7fefac4148f0_777 .array/port v0x7fefac4148f0, 777;
v0x7fefac4148f0_778 .array/port v0x7fefac4148f0, 778;
v0x7fefac4148f0_779 .array/port v0x7fefac4148f0, 779;
v0x7fefac4148f0_780 .array/port v0x7fefac4148f0, 780;
E_0x7fefac403c50/195 .event edge, v0x7fefac4148f0_777, v0x7fefac4148f0_778, v0x7fefac4148f0_779, v0x7fefac4148f0_780;
v0x7fefac4148f0_781 .array/port v0x7fefac4148f0, 781;
v0x7fefac4148f0_782 .array/port v0x7fefac4148f0, 782;
v0x7fefac4148f0_783 .array/port v0x7fefac4148f0, 783;
v0x7fefac4148f0_784 .array/port v0x7fefac4148f0, 784;
E_0x7fefac403c50/196 .event edge, v0x7fefac4148f0_781, v0x7fefac4148f0_782, v0x7fefac4148f0_783, v0x7fefac4148f0_784;
v0x7fefac4148f0_785 .array/port v0x7fefac4148f0, 785;
v0x7fefac4148f0_786 .array/port v0x7fefac4148f0, 786;
v0x7fefac4148f0_787 .array/port v0x7fefac4148f0, 787;
v0x7fefac4148f0_788 .array/port v0x7fefac4148f0, 788;
E_0x7fefac403c50/197 .event edge, v0x7fefac4148f0_785, v0x7fefac4148f0_786, v0x7fefac4148f0_787, v0x7fefac4148f0_788;
v0x7fefac4148f0_789 .array/port v0x7fefac4148f0, 789;
v0x7fefac4148f0_790 .array/port v0x7fefac4148f0, 790;
v0x7fefac4148f0_791 .array/port v0x7fefac4148f0, 791;
v0x7fefac4148f0_792 .array/port v0x7fefac4148f0, 792;
E_0x7fefac403c50/198 .event edge, v0x7fefac4148f0_789, v0x7fefac4148f0_790, v0x7fefac4148f0_791, v0x7fefac4148f0_792;
v0x7fefac4148f0_793 .array/port v0x7fefac4148f0, 793;
v0x7fefac4148f0_794 .array/port v0x7fefac4148f0, 794;
v0x7fefac4148f0_795 .array/port v0x7fefac4148f0, 795;
v0x7fefac4148f0_796 .array/port v0x7fefac4148f0, 796;
E_0x7fefac403c50/199 .event edge, v0x7fefac4148f0_793, v0x7fefac4148f0_794, v0x7fefac4148f0_795, v0x7fefac4148f0_796;
v0x7fefac4148f0_797 .array/port v0x7fefac4148f0, 797;
v0x7fefac4148f0_798 .array/port v0x7fefac4148f0, 798;
v0x7fefac4148f0_799 .array/port v0x7fefac4148f0, 799;
v0x7fefac4148f0_800 .array/port v0x7fefac4148f0, 800;
E_0x7fefac403c50/200 .event edge, v0x7fefac4148f0_797, v0x7fefac4148f0_798, v0x7fefac4148f0_799, v0x7fefac4148f0_800;
v0x7fefac4148f0_801 .array/port v0x7fefac4148f0, 801;
v0x7fefac4148f0_802 .array/port v0x7fefac4148f0, 802;
v0x7fefac4148f0_803 .array/port v0x7fefac4148f0, 803;
v0x7fefac4148f0_804 .array/port v0x7fefac4148f0, 804;
E_0x7fefac403c50/201 .event edge, v0x7fefac4148f0_801, v0x7fefac4148f0_802, v0x7fefac4148f0_803, v0x7fefac4148f0_804;
v0x7fefac4148f0_805 .array/port v0x7fefac4148f0, 805;
v0x7fefac4148f0_806 .array/port v0x7fefac4148f0, 806;
v0x7fefac4148f0_807 .array/port v0x7fefac4148f0, 807;
v0x7fefac4148f0_808 .array/port v0x7fefac4148f0, 808;
E_0x7fefac403c50/202 .event edge, v0x7fefac4148f0_805, v0x7fefac4148f0_806, v0x7fefac4148f0_807, v0x7fefac4148f0_808;
v0x7fefac4148f0_809 .array/port v0x7fefac4148f0, 809;
v0x7fefac4148f0_810 .array/port v0x7fefac4148f0, 810;
v0x7fefac4148f0_811 .array/port v0x7fefac4148f0, 811;
v0x7fefac4148f0_812 .array/port v0x7fefac4148f0, 812;
E_0x7fefac403c50/203 .event edge, v0x7fefac4148f0_809, v0x7fefac4148f0_810, v0x7fefac4148f0_811, v0x7fefac4148f0_812;
v0x7fefac4148f0_813 .array/port v0x7fefac4148f0, 813;
v0x7fefac4148f0_814 .array/port v0x7fefac4148f0, 814;
v0x7fefac4148f0_815 .array/port v0x7fefac4148f0, 815;
v0x7fefac4148f0_816 .array/port v0x7fefac4148f0, 816;
E_0x7fefac403c50/204 .event edge, v0x7fefac4148f0_813, v0x7fefac4148f0_814, v0x7fefac4148f0_815, v0x7fefac4148f0_816;
v0x7fefac4148f0_817 .array/port v0x7fefac4148f0, 817;
v0x7fefac4148f0_818 .array/port v0x7fefac4148f0, 818;
v0x7fefac4148f0_819 .array/port v0x7fefac4148f0, 819;
v0x7fefac4148f0_820 .array/port v0x7fefac4148f0, 820;
E_0x7fefac403c50/205 .event edge, v0x7fefac4148f0_817, v0x7fefac4148f0_818, v0x7fefac4148f0_819, v0x7fefac4148f0_820;
v0x7fefac4148f0_821 .array/port v0x7fefac4148f0, 821;
v0x7fefac4148f0_822 .array/port v0x7fefac4148f0, 822;
v0x7fefac4148f0_823 .array/port v0x7fefac4148f0, 823;
v0x7fefac4148f0_824 .array/port v0x7fefac4148f0, 824;
E_0x7fefac403c50/206 .event edge, v0x7fefac4148f0_821, v0x7fefac4148f0_822, v0x7fefac4148f0_823, v0x7fefac4148f0_824;
v0x7fefac4148f0_825 .array/port v0x7fefac4148f0, 825;
v0x7fefac4148f0_826 .array/port v0x7fefac4148f0, 826;
v0x7fefac4148f0_827 .array/port v0x7fefac4148f0, 827;
v0x7fefac4148f0_828 .array/port v0x7fefac4148f0, 828;
E_0x7fefac403c50/207 .event edge, v0x7fefac4148f0_825, v0x7fefac4148f0_826, v0x7fefac4148f0_827, v0x7fefac4148f0_828;
v0x7fefac4148f0_829 .array/port v0x7fefac4148f0, 829;
v0x7fefac4148f0_830 .array/port v0x7fefac4148f0, 830;
v0x7fefac4148f0_831 .array/port v0x7fefac4148f0, 831;
v0x7fefac4148f0_832 .array/port v0x7fefac4148f0, 832;
E_0x7fefac403c50/208 .event edge, v0x7fefac4148f0_829, v0x7fefac4148f0_830, v0x7fefac4148f0_831, v0x7fefac4148f0_832;
v0x7fefac4148f0_833 .array/port v0x7fefac4148f0, 833;
v0x7fefac4148f0_834 .array/port v0x7fefac4148f0, 834;
v0x7fefac4148f0_835 .array/port v0x7fefac4148f0, 835;
v0x7fefac4148f0_836 .array/port v0x7fefac4148f0, 836;
E_0x7fefac403c50/209 .event edge, v0x7fefac4148f0_833, v0x7fefac4148f0_834, v0x7fefac4148f0_835, v0x7fefac4148f0_836;
v0x7fefac4148f0_837 .array/port v0x7fefac4148f0, 837;
v0x7fefac4148f0_838 .array/port v0x7fefac4148f0, 838;
v0x7fefac4148f0_839 .array/port v0x7fefac4148f0, 839;
v0x7fefac4148f0_840 .array/port v0x7fefac4148f0, 840;
E_0x7fefac403c50/210 .event edge, v0x7fefac4148f0_837, v0x7fefac4148f0_838, v0x7fefac4148f0_839, v0x7fefac4148f0_840;
v0x7fefac4148f0_841 .array/port v0x7fefac4148f0, 841;
v0x7fefac4148f0_842 .array/port v0x7fefac4148f0, 842;
v0x7fefac4148f0_843 .array/port v0x7fefac4148f0, 843;
v0x7fefac4148f0_844 .array/port v0x7fefac4148f0, 844;
E_0x7fefac403c50/211 .event edge, v0x7fefac4148f0_841, v0x7fefac4148f0_842, v0x7fefac4148f0_843, v0x7fefac4148f0_844;
v0x7fefac4148f0_845 .array/port v0x7fefac4148f0, 845;
v0x7fefac4148f0_846 .array/port v0x7fefac4148f0, 846;
v0x7fefac4148f0_847 .array/port v0x7fefac4148f0, 847;
v0x7fefac4148f0_848 .array/port v0x7fefac4148f0, 848;
E_0x7fefac403c50/212 .event edge, v0x7fefac4148f0_845, v0x7fefac4148f0_846, v0x7fefac4148f0_847, v0x7fefac4148f0_848;
v0x7fefac4148f0_849 .array/port v0x7fefac4148f0, 849;
v0x7fefac4148f0_850 .array/port v0x7fefac4148f0, 850;
v0x7fefac4148f0_851 .array/port v0x7fefac4148f0, 851;
v0x7fefac4148f0_852 .array/port v0x7fefac4148f0, 852;
E_0x7fefac403c50/213 .event edge, v0x7fefac4148f0_849, v0x7fefac4148f0_850, v0x7fefac4148f0_851, v0x7fefac4148f0_852;
v0x7fefac4148f0_853 .array/port v0x7fefac4148f0, 853;
v0x7fefac4148f0_854 .array/port v0x7fefac4148f0, 854;
v0x7fefac4148f0_855 .array/port v0x7fefac4148f0, 855;
v0x7fefac4148f0_856 .array/port v0x7fefac4148f0, 856;
E_0x7fefac403c50/214 .event edge, v0x7fefac4148f0_853, v0x7fefac4148f0_854, v0x7fefac4148f0_855, v0x7fefac4148f0_856;
v0x7fefac4148f0_857 .array/port v0x7fefac4148f0, 857;
v0x7fefac4148f0_858 .array/port v0x7fefac4148f0, 858;
v0x7fefac4148f0_859 .array/port v0x7fefac4148f0, 859;
v0x7fefac4148f0_860 .array/port v0x7fefac4148f0, 860;
E_0x7fefac403c50/215 .event edge, v0x7fefac4148f0_857, v0x7fefac4148f0_858, v0x7fefac4148f0_859, v0x7fefac4148f0_860;
v0x7fefac4148f0_861 .array/port v0x7fefac4148f0, 861;
v0x7fefac4148f0_862 .array/port v0x7fefac4148f0, 862;
v0x7fefac4148f0_863 .array/port v0x7fefac4148f0, 863;
v0x7fefac4148f0_864 .array/port v0x7fefac4148f0, 864;
E_0x7fefac403c50/216 .event edge, v0x7fefac4148f0_861, v0x7fefac4148f0_862, v0x7fefac4148f0_863, v0x7fefac4148f0_864;
v0x7fefac4148f0_865 .array/port v0x7fefac4148f0, 865;
v0x7fefac4148f0_866 .array/port v0x7fefac4148f0, 866;
v0x7fefac4148f0_867 .array/port v0x7fefac4148f0, 867;
v0x7fefac4148f0_868 .array/port v0x7fefac4148f0, 868;
E_0x7fefac403c50/217 .event edge, v0x7fefac4148f0_865, v0x7fefac4148f0_866, v0x7fefac4148f0_867, v0x7fefac4148f0_868;
v0x7fefac4148f0_869 .array/port v0x7fefac4148f0, 869;
v0x7fefac4148f0_870 .array/port v0x7fefac4148f0, 870;
v0x7fefac4148f0_871 .array/port v0x7fefac4148f0, 871;
v0x7fefac4148f0_872 .array/port v0x7fefac4148f0, 872;
E_0x7fefac403c50/218 .event edge, v0x7fefac4148f0_869, v0x7fefac4148f0_870, v0x7fefac4148f0_871, v0x7fefac4148f0_872;
v0x7fefac4148f0_873 .array/port v0x7fefac4148f0, 873;
v0x7fefac4148f0_874 .array/port v0x7fefac4148f0, 874;
v0x7fefac4148f0_875 .array/port v0x7fefac4148f0, 875;
v0x7fefac4148f0_876 .array/port v0x7fefac4148f0, 876;
E_0x7fefac403c50/219 .event edge, v0x7fefac4148f0_873, v0x7fefac4148f0_874, v0x7fefac4148f0_875, v0x7fefac4148f0_876;
v0x7fefac4148f0_877 .array/port v0x7fefac4148f0, 877;
v0x7fefac4148f0_878 .array/port v0x7fefac4148f0, 878;
v0x7fefac4148f0_879 .array/port v0x7fefac4148f0, 879;
v0x7fefac4148f0_880 .array/port v0x7fefac4148f0, 880;
E_0x7fefac403c50/220 .event edge, v0x7fefac4148f0_877, v0x7fefac4148f0_878, v0x7fefac4148f0_879, v0x7fefac4148f0_880;
v0x7fefac4148f0_881 .array/port v0x7fefac4148f0, 881;
v0x7fefac4148f0_882 .array/port v0x7fefac4148f0, 882;
v0x7fefac4148f0_883 .array/port v0x7fefac4148f0, 883;
v0x7fefac4148f0_884 .array/port v0x7fefac4148f0, 884;
E_0x7fefac403c50/221 .event edge, v0x7fefac4148f0_881, v0x7fefac4148f0_882, v0x7fefac4148f0_883, v0x7fefac4148f0_884;
v0x7fefac4148f0_885 .array/port v0x7fefac4148f0, 885;
v0x7fefac4148f0_886 .array/port v0x7fefac4148f0, 886;
v0x7fefac4148f0_887 .array/port v0x7fefac4148f0, 887;
v0x7fefac4148f0_888 .array/port v0x7fefac4148f0, 888;
E_0x7fefac403c50/222 .event edge, v0x7fefac4148f0_885, v0x7fefac4148f0_886, v0x7fefac4148f0_887, v0x7fefac4148f0_888;
v0x7fefac4148f0_889 .array/port v0x7fefac4148f0, 889;
v0x7fefac4148f0_890 .array/port v0x7fefac4148f0, 890;
v0x7fefac4148f0_891 .array/port v0x7fefac4148f0, 891;
v0x7fefac4148f0_892 .array/port v0x7fefac4148f0, 892;
E_0x7fefac403c50/223 .event edge, v0x7fefac4148f0_889, v0x7fefac4148f0_890, v0x7fefac4148f0_891, v0x7fefac4148f0_892;
v0x7fefac4148f0_893 .array/port v0x7fefac4148f0, 893;
v0x7fefac4148f0_894 .array/port v0x7fefac4148f0, 894;
v0x7fefac4148f0_895 .array/port v0x7fefac4148f0, 895;
v0x7fefac4148f0_896 .array/port v0x7fefac4148f0, 896;
E_0x7fefac403c50/224 .event edge, v0x7fefac4148f0_893, v0x7fefac4148f0_894, v0x7fefac4148f0_895, v0x7fefac4148f0_896;
v0x7fefac4148f0_897 .array/port v0x7fefac4148f0, 897;
v0x7fefac4148f0_898 .array/port v0x7fefac4148f0, 898;
v0x7fefac4148f0_899 .array/port v0x7fefac4148f0, 899;
v0x7fefac4148f0_900 .array/port v0x7fefac4148f0, 900;
E_0x7fefac403c50/225 .event edge, v0x7fefac4148f0_897, v0x7fefac4148f0_898, v0x7fefac4148f0_899, v0x7fefac4148f0_900;
v0x7fefac4148f0_901 .array/port v0x7fefac4148f0, 901;
v0x7fefac4148f0_902 .array/port v0x7fefac4148f0, 902;
v0x7fefac4148f0_903 .array/port v0x7fefac4148f0, 903;
v0x7fefac4148f0_904 .array/port v0x7fefac4148f0, 904;
E_0x7fefac403c50/226 .event edge, v0x7fefac4148f0_901, v0x7fefac4148f0_902, v0x7fefac4148f0_903, v0x7fefac4148f0_904;
v0x7fefac4148f0_905 .array/port v0x7fefac4148f0, 905;
v0x7fefac4148f0_906 .array/port v0x7fefac4148f0, 906;
v0x7fefac4148f0_907 .array/port v0x7fefac4148f0, 907;
v0x7fefac4148f0_908 .array/port v0x7fefac4148f0, 908;
E_0x7fefac403c50/227 .event edge, v0x7fefac4148f0_905, v0x7fefac4148f0_906, v0x7fefac4148f0_907, v0x7fefac4148f0_908;
v0x7fefac4148f0_909 .array/port v0x7fefac4148f0, 909;
v0x7fefac4148f0_910 .array/port v0x7fefac4148f0, 910;
v0x7fefac4148f0_911 .array/port v0x7fefac4148f0, 911;
v0x7fefac4148f0_912 .array/port v0x7fefac4148f0, 912;
E_0x7fefac403c50/228 .event edge, v0x7fefac4148f0_909, v0x7fefac4148f0_910, v0x7fefac4148f0_911, v0x7fefac4148f0_912;
v0x7fefac4148f0_913 .array/port v0x7fefac4148f0, 913;
v0x7fefac4148f0_914 .array/port v0x7fefac4148f0, 914;
v0x7fefac4148f0_915 .array/port v0x7fefac4148f0, 915;
v0x7fefac4148f0_916 .array/port v0x7fefac4148f0, 916;
E_0x7fefac403c50/229 .event edge, v0x7fefac4148f0_913, v0x7fefac4148f0_914, v0x7fefac4148f0_915, v0x7fefac4148f0_916;
v0x7fefac4148f0_917 .array/port v0x7fefac4148f0, 917;
v0x7fefac4148f0_918 .array/port v0x7fefac4148f0, 918;
v0x7fefac4148f0_919 .array/port v0x7fefac4148f0, 919;
v0x7fefac4148f0_920 .array/port v0x7fefac4148f0, 920;
E_0x7fefac403c50/230 .event edge, v0x7fefac4148f0_917, v0x7fefac4148f0_918, v0x7fefac4148f0_919, v0x7fefac4148f0_920;
v0x7fefac4148f0_921 .array/port v0x7fefac4148f0, 921;
v0x7fefac4148f0_922 .array/port v0x7fefac4148f0, 922;
v0x7fefac4148f0_923 .array/port v0x7fefac4148f0, 923;
v0x7fefac4148f0_924 .array/port v0x7fefac4148f0, 924;
E_0x7fefac403c50/231 .event edge, v0x7fefac4148f0_921, v0x7fefac4148f0_922, v0x7fefac4148f0_923, v0x7fefac4148f0_924;
v0x7fefac4148f0_925 .array/port v0x7fefac4148f0, 925;
v0x7fefac4148f0_926 .array/port v0x7fefac4148f0, 926;
v0x7fefac4148f0_927 .array/port v0x7fefac4148f0, 927;
v0x7fefac4148f0_928 .array/port v0x7fefac4148f0, 928;
E_0x7fefac403c50/232 .event edge, v0x7fefac4148f0_925, v0x7fefac4148f0_926, v0x7fefac4148f0_927, v0x7fefac4148f0_928;
v0x7fefac4148f0_929 .array/port v0x7fefac4148f0, 929;
v0x7fefac4148f0_930 .array/port v0x7fefac4148f0, 930;
v0x7fefac4148f0_931 .array/port v0x7fefac4148f0, 931;
v0x7fefac4148f0_932 .array/port v0x7fefac4148f0, 932;
E_0x7fefac403c50/233 .event edge, v0x7fefac4148f0_929, v0x7fefac4148f0_930, v0x7fefac4148f0_931, v0x7fefac4148f0_932;
v0x7fefac4148f0_933 .array/port v0x7fefac4148f0, 933;
v0x7fefac4148f0_934 .array/port v0x7fefac4148f0, 934;
v0x7fefac4148f0_935 .array/port v0x7fefac4148f0, 935;
v0x7fefac4148f0_936 .array/port v0x7fefac4148f0, 936;
E_0x7fefac403c50/234 .event edge, v0x7fefac4148f0_933, v0x7fefac4148f0_934, v0x7fefac4148f0_935, v0x7fefac4148f0_936;
v0x7fefac4148f0_937 .array/port v0x7fefac4148f0, 937;
v0x7fefac4148f0_938 .array/port v0x7fefac4148f0, 938;
v0x7fefac4148f0_939 .array/port v0x7fefac4148f0, 939;
v0x7fefac4148f0_940 .array/port v0x7fefac4148f0, 940;
E_0x7fefac403c50/235 .event edge, v0x7fefac4148f0_937, v0x7fefac4148f0_938, v0x7fefac4148f0_939, v0x7fefac4148f0_940;
v0x7fefac4148f0_941 .array/port v0x7fefac4148f0, 941;
v0x7fefac4148f0_942 .array/port v0x7fefac4148f0, 942;
v0x7fefac4148f0_943 .array/port v0x7fefac4148f0, 943;
v0x7fefac4148f0_944 .array/port v0x7fefac4148f0, 944;
E_0x7fefac403c50/236 .event edge, v0x7fefac4148f0_941, v0x7fefac4148f0_942, v0x7fefac4148f0_943, v0x7fefac4148f0_944;
v0x7fefac4148f0_945 .array/port v0x7fefac4148f0, 945;
v0x7fefac4148f0_946 .array/port v0x7fefac4148f0, 946;
v0x7fefac4148f0_947 .array/port v0x7fefac4148f0, 947;
v0x7fefac4148f0_948 .array/port v0x7fefac4148f0, 948;
E_0x7fefac403c50/237 .event edge, v0x7fefac4148f0_945, v0x7fefac4148f0_946, v0x7fefac4148f0_947, v0x7fefac4148f0_948;
v0x7fefac4148f0_949 .array/port v0x7fefac4148f0, 949;
v0x7fefac4148f0_950 .array/port v0x7fefac4148f0, 950;
v0x7fefac4148f0_951 .array/port v0x7fefac4148f0, 951;
v0x7fefac4148f0_952 .array/port v0x7fefac4148f0, 952;
E_0x7fefac403c50/238 .event edge, v0x7fefac4148f0_949, v0x7fefac4148f0_950, v0x7fefac4148f0_951, v0x7fefac4148f0_952;
v0x7fefac4148f0_953 .array/port v0x7fefac4148f0, 953;
v0x7fefac4148f0_954 .array/port v0x7fefac4148f0, 954;
v0x7fefac4148f0_955 .array/port v0x7fefac4148f0, 955;
v0x7fefac4148f0_956 .array/port v0x7fefac4148f0, 956;
E_0x7fefac403c50/239 .event edge, v0x7fefac4148f0_953, v0x7fefac4148f0_954, v0x7fefac4148f0_955, v0x7fefac4148f0_956;
v0x7fefac4148f0_957 .array/port v0x7fefac4148f0, 957;
v0x7fefac4148f0_958 .array/port v0x7fefac4148f0, 958;
v0x7fefac4148f0_959 .array/port v0x7fefac4148f0, 959;
v0x7fefac4148f0_960 .array/port v0x7fefac4148f0, 960;
E_0x7fefac403c50/240 .event edge, v0x7fefac4148f0_957, v0x7fefac4148f0_958, v0x7fefac4148f0_959, v0x7fefac4148f0_960;
v0x7fefac4148f0_961 .array/port v0x7fefac4148f0, 961;
v0x7fefac4148f0_962 .array/port v0x7fefac4148f0, 962;
v0x7fefac4148f0_963 .array/port v0x7fefac4148f0, 963;
v0x7fefac4148f0_964 .array/port v0x7fefac4148f0, 964;
E_0x7fefac403c50/241 .event edge, v0x7fefac4148f0_961, v0x7fefac4148f0_962, v0x7fefac4148f0_963, v0x7fefac4148f0_964;
v0x7fefac4148f0_965 .array/port v0x7fefac4148f0, 965;
v0x7fefac4148f0_966 .array/port v0x7fefac4148f0, 966;
v0x7fefac4148f0_967 .array/port v0x7fefac4148f0, 967;
v0x7fefac4148f0_968 .array/port v0x7fefac4148f0, 968;
E_0x7fefac403c50/242 .event edge, v0x7fefac4148f0_965, v0x7fefac4148f0_966, v0x7fefac4148f0_967, v0x7fefac4148f0_968;
v0x7fefac4148f0_969 .array/port v0x7fefac4148f0, 969;
v0x7fefac4148f0_970 .array/port v0x7fefac4148f0, 970;
v0x7fefac4148f0_971 .array/port v0x7fefac4148f0, 971;
v0x7fefac4148f0_972 .array/port v0x7fefac4148f0, 972;
E_0x7fefac403c50/243 .event edge, v0x7fefac4148f0_969, v0x7fefac4148f0_970, v0x7fefac4148f0_971, v0x7fefac4148f0_972;
v0x7fefac4148f0_973 .array/port v0x7fefac4148f0, 973;
v0x7fefac4148f0_974 .array/port v0x7fefac4148f0, 974;
v0x7fefac4148f0_975 .array/port v0x7fefac4148f0, 975;
v0x7fefac4148f0_976 .array/port v0x7fefac4148f0, 976;
E_0x7fefac403c50/244 .event edge, v0x7fefac4148f0_973, v0x7fefac4148f0_974, v0x7fefac4148f0_975, v0x7fefac4148f0_976;
v0x7fefac4148f0_977 .array/port v0x7fefac4148f0, 977;
v0x7fefac4148f0_978 .array/port v0x7fefac4148f0, 978;
v0x7fefac4148f0_979 .array/port v0x7fefac4148f0, 979;
v0x7fefac4148f0_980 .array/port v0x7fefac4148f0, 980;
E_0x7fefac403c50/245 .event edge, v0x7fefac4148f0_977, v0x7fefac4148f0_978, v0x7fefac4148f0_979, v0x7fefac4148f0_980;
v0x7fefac4148f0_981 .array/port v0x7fefac4148f0, 981;
v0x7fefac4148f0_982 .array/port v0x7fefac4148f0, 982;
v0x7fefac4148f0_983 .array/port v0x7fefac4148f0, 983;
v0x7fefac4148f0_984 .array/port v0x7fefac4148f0, 984;
E_0x7fefac403c50/246 .event edge, v0x7fefac4148f0_981, v0x7fefac4148f0_982, v0x7fefac4148f0_983, v0x7fefac4148f0_984;
v0x7fefac4148f0_985 .array/port v0x7fefac4148f0, 985;
v0x7fefac4148f0_986 .array/port v0x7fefac4148f0, 986;
v0x7fefac4148f0_987 .array/port v0x7fefac4148f0, 987;
v0x7fefac4148f0_988 .array/port v0x7fefac4148f0, 988;
E_0x7fefac403c50/247 .event edge, v0x7fefac4148f0_985, v0x7fefac4148f0_986, v0x7fefac4148f0_987, v0x7fefac4148f0_988;
v0x7fefac4148f0_989 .array/port v0x7fefac4148f0, 989;
v0x7fefac4148f0_990 .array/port v0x7fefac4148f0, 990;
v0x7fefac4148f0_991 .array/port v0x7fefac4148f0, 991;
v0x7fefac4148f0_992 .array/port v0x7fefac4148f0, 992;
E_0x7fefac403c50/248 .event edge, v0x7fefac4148f0_989, v0x7fefac4148f0_990, v0x7fefac4148f0_991, v0x7fefac4148f0_992;
v0x7fefac4148f0_993 .array/port v0x7fefac4148f0, 993;
v0x7fefac4148f0_994 .array/port v0x7fefac4148f0, 994;
v0x7fefac4148f0_995 .array/port v0x7fefac4148f0, 995;
v0x7fefac4148f0_996 .array/port v0x7fefac4148f0, 996;
E_0x7fefac403c50/249 .event edge, v0x7fefac4148f0_993, v0x7fefac4148f0_994, v0x7fefac4148f0_995, v0x7fefac4148f0_996;
v0x7fefac4148f0_997 .array/port v0x7fefac4148f0, 997;
v0x7fefac4148f0_998 .array/port v0x7fefac4148f0, 998;
v0x7fefac4148f0_999 .array/port v0x7fefac4148f0, 999;
v0x7fefac4148f0_1000 .array/port v0x7fefac4148f0, 1000;
E_0x7fefac403c50/250 .event edge, v0x7fefac4148f0_997, v0x7fefac4148f0_998, v0x7fefac4148f0_999, v0x7fefac4148f0_1000;
v0x7fefac4148f0_1001 .array/port v0x7fefac4148f0, 1001;
v0x7fefac4148f0_1002 .array/port v0x7fefac4148f0, 1002;
v0x7fefac4148f0_1003 .array/port v0x7fefac4148f0, 1003;
v0x7fefac4148f0_1004 .array/port v0x7fefac4148f0, 1004;
E_0x7fefac403c50/251 .event edge, v0x7fefac4148f0_1001, v0x7fefac4148f0_1002, v0x7fefac4148f0_1003, v0x7fefac4148f0_1004;
v0x7fefac4148f0_1005 .array/port v0x7fefac4148f0, 1005;
v0x7fefac4148f0_1006 .array/port v0x7fefac4148f0, 1006;
v0x7fefac4148f0_1007 .array/port v0x7fefac4148f0, 1007;
v0x7fefac4148f0_1008 .array/port v0x7fefac4148f0, 1008;
E_0x7fefac403c50/252 .event edge, v0x7fefac4148f0_1005, v0x7fefac4148f0_1006, v0x7fefac4148f0_1007, v0x7fefac4148f0_1008;
v0x7fefac4148f0_1009 .array/port v0x7fefac4148f0, 1009;
v0x7fefac4148f0_1010 .array/port v0x7fefac4148f0, 1010;
v0x7fefac4148f0_1011 .array/port v0x7fefac4148f0, 1011;
v0x7fefac4148f0_1012 .array/port v0x7fefac4148f0, 1012;
E_0x7fefac403c50/253 .event edge, v0x7fefac4148f0_1009, v0x7fefac4148f0_1010, v0x7fefac4148f0_1011, v0x7fefac4148f0_1012;
v0x7fefac4148f0_1013 .array/port v0x7fefac4148f0, 1013;
v0x7fefac4148f0_1014 .array/port v0x7fefac4148f0, 1014;
v0x7fefac4148f0_1015 .array/port v0x7fefac4148f0, 1015;
v0x7fefac4148f0_1016 .array/port v0x7fefac4148f0, 1016;
E_0x7fefac403c50/254 .event edge, v0x7fefac4148f0_1013, v0x7fefac4148f0_1014, v0x7fefac4148f0_1015, v0x7fefac4148f0_1016;
v0x7fefac4148f0_1017 .array/port v0x7fefac4148f0, 1017;
v0x7fefac4148f0_1018 .array/port v0x7fefac4148f0, 1018;
v0x7fefac4148f0_1019 .array/port v0x7fefac4148f0, 1019;
v0x7fefac4148f0_1020 .array/port v0x7fefac4148f0, 1020;
E_0x7fefac403c50/255 .event edge, v0x7fefac4148f0_1017, v0x7fefac4148f0_1018, v0x7fefac4148f0_1019, v0x7fefac4148f0_1020;
v0x7fefac4148f0_1021 .array/port v0x7fefac4148f0, 1021;
v0x7fefac4148f0_1022 .array/port v0x7fefac4148f0, 1022;
v0x7fefac4148f0_1023 .array/port v0x7fefac4148f0, 1023;
E_0x7fefac403c50/256 .event edge, v0x7fefac4148f0_1021, v0x7fefac4148f0_1022, v0x7fefac4148f0_1023, v0x7fefac414310_0;
E_0x7fefac403c50/257 .event edge, v0x7fefac4145e0_0;
E_0x7fefac403c50 .event/or E_0x7fefac403c50/0, E_0x7fefac403c50/1, E_0x7fefac403c50/2, E_0x7fefac403c50/3, E_0x7fefac403c50/4, E_0x7fefac403c50/5, E_0x7fefac403c50/6, E_0x7fefac403c50/7, E_0x7fefac403c50/8, E_0x7fefac403c50/9, E_0x7fefac403c50/10, E_0x7fefac403c50/11, E_0x7fefac403c50/12, E_0x7fefac403c50/13, E_0x7fefac403c50/14, E_0x7fefac403c50/15, E_0x7fefac403c50/16, E_0x7fefac403c50/17, E_0x7fefac403c50/18, E_0x7fefac403c50/19, E_0x7fefac403c50/20, E_0x7fefac403c50/21, E_0x7fefac403c50/22, E_0x7fefac403c50/23, E_0x7fefac403c50/24, E_0x7fefac403c50/25, E_0x7fefac403c50/26, E_0x7fefac403c50/27, E_0x7fefac403c50/28, E_0x7fefac403c50/29, E_0x7fefac403c50/30, E_0x7fefac403c50/31, E_0x7fefac403c50/32, E_0x7fefac403c50/33, E_0x7fefac403c50/34, E_0x7fefac403c50/35, E_0x7fefac403c50/36, E_0x7fefac403c50/37, E_0x7fefac403c50/38, E_0x7fefac403c50/39, E_0x7fefac403c50/40, E_0x7fefac403c50/41, E_0x7fefac403c50/42, E_0x7fefac403c50/43, E_0x7fefac403c50/44, E_0x7fefac403c50/45, E_0x7fefac403c50/46, E_0x7fefac403c50/47, E_0x7fefac403c50/48, E_0x7fefac403c50/49, E_0x7fefac403c50/50, E_0x7fefac403c50/51, E_0x7fefac403c50/52, E_0x7fefac403c50/53, E_0x7fefac403c50/54, E_0x7fefac403c50/55, E_0x7fefac403c50/56, E_0x7fefac403c50/57, E_0x7fefac403c50/58, E_0x7fefac403c50/59, E_0x7fefac403c50/60, E_0x7fefac403c50/61, E_0x7fefac403c50/62, E_0x7fefac403c50/63, E_0x7fefac403c50/64, E_0x7fefac403c50/65, E_0x7fefac403c50/66, E_0x7fefac403c50/67, E_0x7fefac403c50/68, E_0x7fefac403c50/69, E_0x7fefac403c50/70, E_0x7fefac403c50/71, E_0x7fefac403c50/72, E_0x7fefac403c50/73, E_0x7fefac403c50/74, E_0x7fefac403c50/75, E_0x7fefac403c50/76, E_0x7fefac403c50/77, E_0x7fefac403c50/78, E_0x7fefac403c50/79, E_0x7fefac403c50/80, E_0x7fefac403c50/81, E_0x7fefac403c50/82, E_0x7fefac403c50/83, E_0x7fefac403c50/84, E_0x7fefac403c50/85, E_0x7fefac403c50/86, E_0x7fefac403c50/87, E_0x7fefac403c50/88, E_0x7fefac403c50/89, E_0x7fefac403c50/90, E_0x7fefac403c50/91, E_0x7fefac403c50/92, E_0x7fefac403c50/93, E_0x7fefac403c50/94, E_0x7fefac403c50/95, E_0x7fefac403c50/96, E_0x7fefac403c50/97, E_0x7fefac403c50/98, E_0x7fefac403c50/99, E_0x7fefac403c50/100, E_0x7fefac403c50/101, E_0x7fefac403c50/102, E_0x7fefac403c50/103, E_0x7fefac403c50/104, E_0x7fefac403c50/105, E_0x7fefac403c50/106, E_0x7fefac403c50/107, E_0x7fefac403c50/108, E_0x7fefac403c50/109, E_0x7fefac403c50/110, E_0x7fefac403c50/111, E_0x7fefac403c50/112, E_0x7fefac403c50/113, E_0x7fefac403c50/114, E_0x7fefac403c50/115, E_0x7fefac403c50/116, E_0x7fefac403c50/117, E_0x7fefac403c50/118, E_0x7fefac403c50/119, E_0x7fefac403c50/120, E_0x7fefac403c50/121, E_0x7fefac403c50/122, E_0x7fefac403c50/123, E_0x7fefac403c50/124, E_0x7fefac403c50/125, E_0x7fefac403c50/126, E_0x7fefac403c50/127, E_0x7fefac403c50/128, E_0x7fefac403c50/129, E_0x7fefac403c50/130, E_0x7fefac403c50/131, E_0x7fefac403c50/132, E_0x7fefac403c50/133, E_0x7fefac403c50/134, E_0x7fefac403c50/135, E_0x7fefac403c50/136, E_0x7fefac403c50/137, E_0x7fefac403c50/138, E_0x7fefac403c50/139, E_0x7fefac403c50/140, E_0x7fefac403c50/141, E_0x7fefac403c50/142, E_0x7fefac403c50/143, E_0x7fefac403c50/144, E_0x7fefac403c50/145, E_0x7fefac403c50/146, E_0x7fefac403c50/147, E_0x7fefac403c50/148, E_0x7fefac403c50/149, E_0x7fefac403c50/150, E_0x7fefac403c50/151, E_0x7fefac403c50/152, E_0x7fefac403c50/153, E_0x7fefac403c50/154, E_0x7fefac403c50/155, E_0x7fefac403c50/156, E_0x7fefac403c50/157, E_0x7fefac403c50/158, E_0x7fefac403c50/159, E_0x7fefac403c50/160, E_0x7fefac403c50/161, E_0x7fefac403c50/162, E_0x7fefac403c50/163, E_0x7fefac403c50/164, E_0x7fefac403c50/165, E_0x7fefac403c50/166, E_0x7fefac403c50/167, E_0x7fefac403c50/168, E_0x7fefac403c50/169, E_0x7fefac403c50/170, E_0x7fefac403c50/171, E_0x7fefac403c50/172, E_0x7fefac403c50/173, E_0x7fefac403c50/174, E_0x7fefac403c50/175, E_0x7fefac403c50/176, E_0x7fefac403c50/177, E_0x7fefac403c50/178, E_0x7fefac403c50/179, E_0x7fefac403c50/180, E_0x7fefac403c50/181, E_0x7fefac403c50/182, E_0x7fefac403c50/183, E_0x7fefac403c50/184, E_0x7fefac403c50/185, E_0x7fefac403c50/186, E_0x7fefac403c50/187, E_0x7fefac403c50/188, E_0x7fefac403c50/189, E_0x7fefac403c50/190, E_0x7fefac403c50/191, E_0x7fefac403c50/192, E_0x7fefac403c50/193, E_0x7fefac403c50/194, E_0x7fefac403c50/195, E_0x7fefac403c50/196, E_0x7fefac403c50/197, E_0x7fefac403c50/198, E_0x7fefac403c50/199, E_0x7fefac403c50/200, E_0x7fefac403c50/201, E_0x7fefac403c50/202, E_0x7fefac403c50/203, E_0x7fefac403c50/204, E_0x7fefac403c50/205, E_0x7fefac403c50/206, E_0x7fefac403c50/207, E_0x7fefac403c50/208, E_0x7fefac403c50/209, E_0x7fefac403c50/210, E_0x7fefac403c50/211, E_0x7fefac403c50/212, E_0x7fefac403c50/213, E_0x7fefac403c50/214, E_0x7fefac403c50/215, E_0x7fefac403c50/216, E_0x7fefac403c50/217, E_0x7fefac403c50/218, E_0x7fefac403c50/219, E_0x7fefac403c50/220, E_0x7fefac403c50/221, E_0x7fefac403c50/222, E_0x7fefac403c50/223, E_0x7fefac403c50/224, E_0x7fefac403c50/225, E_0x7fefac403c50/226, E_0x7fefac403c50/227, E_0x7fefac403c50/228, E_0x7fefac403c50/229, E_0x7fefac403c50/230, E_0x7fefac403c50/231, E_0x7fefac403c50/232, E_0x7fefac403c50/233, E_0x7fefac403c50/234, E_0x7fefac403c50/235, E_0x7fefac403c50/236, E_0x7fefac403c50/237, E_0x7fefac403c50/238, E_0x7fefac403c50/239, E_0x7fefac403c50/240, E_0x7fefac403c50/241, E_0x7fefac403c50/242, E_0x7fefac403c50/243, E_0x7fefac403c50/244, E_0x7fefac403c50/245, E_0x7fefac403c50/246, E_0x7fefac403c50/247, E_0x7fefac403c50/248, E_0x7fefac403c50/249, E_0x7fefac403c50/250, E_0x7fefac403c50/251, E_0x7fefac403c50/252, E_0x7fefac403c50/253, E_0x7fefac403c50/254, E_0x7fefac403c50/255, E_0x7fefac403c50/256, E_0x7fefac403c50/257;
    .scope S_0x7fefac404050;
T_0 ;
    %vpi_call 3 9 "$readmemh", "memory.txt", v0x7fefac4148f0 {0 0 0};
    %end;
    .thread T_0;
    .scope S_0x7fefac404050;
T_1 ;
    %vpi_call 3 14 "$display", "results: " {0 0 0};
    %pushi/vec4 0, 0, 32;
    %store/vec4 v0x7fefac4147e0_0, 0, 32;
T_1.0 ;
    %load/vec4 v0x7fefac4147e0_0;
    %cmpi/s 4, 0, 32;
    %jmp/0xz T_1.1, 5;
    %vpi_call 3 16 "$display", "%d:%h", v0x7fefac4147e0_0, &A<v0x7fefac4148f0, v0x7fefac4147e0_0 > {0 0 0};
    %load/vec4 v0x7fefac4147e0_0;
    %addi 1, 0, 32;
    %store/vec4 v0x7fefac4147e0_0, 0, 32;
    %jmp T_1.0;
T_1.1 ;
    %end;
    .thread T_1;
    .scope S_0x7fefac404050;
T_2 ;
    %wait E_0x7fefac403c50;
    %load/vec4 v0x7fefac414460_0;
    %cmpi/e 1, 0, 1;
    %jmp/0xz  T_2.0, 4;
    %load/vec4 v0x7fefac414500_0;
    %cmpi/e 0, 0, 1;
    %jmp/0xz  T_2.2, 4;
    %ix/getv 4, v0x7fefac414690_0;
    %load/vec4a v0x7fefac4148f0, 4;
    %store/vec4 v0x7fefac404270_0, 0, 32;
    %jmp T_2.3;
T_2.2 ;
    %load/vec4 v0x7fefac414310_0;
    %ix/getv 4, v0x7fefac414690_0;
    %store/vec4a v0x7fefac4148f0, 4, 0;
T_2.3 ;
T_2.0 ;
    %ix/getv 4, v0x7fefac4145e0_0;
    %load/vec4a v0x7fefac4148f0, 4;
    %store/vec4 v0x7fefac4143b0_0, 0, 32;
    %jmp T_2;
    .thread T_2, $push;
    .scope S_0x7fefac403ef0;
T_3 ;
    %pushi/vec4 1, 0, 1;
    %store/vec4 v0x7fefac418e50_0, 0, 1;
    %delay 10, 0;
    %pushi/vec4 0, 0, 1;
    %store/vec4 v0x7fefac418e50_0, 0, 1;
    %delay 10, 0;
    %jmp T_3;
    .thread T_3;
    .scope S_0x7fefac403ef0;
T_4 ;
    %vpi_call 2 26 "$sumpfile", "Memory.vcd" {0 0 0};
    %vpi_call 2 27 "$dumpvars", 32'sb00000000000000000000000000000000, S_0x7fefac403ef0 {0 0 0};
    %end;
    .thread T_4;
    .scope S_0x7fefac403ef0;
T_5 ;
    %vpi_call 2 33 "$readmemh", "memory.txt", S_0x7fefac404050 {0 0 0};
    %pushi/vec4 0, 0, 32;
    %assign/vec4 v0x7fefac418da0_0, 0;
    %delay 20, 0;
    %pushi/vec4 0, 0, 32;
    %assign/vec4 v0x7fefac418da0_0, 0;
    %delay 20, 0;
    %vpi_call 2 46 "$stop" {0 0 0};
    %end;
    .thread T_5;
# The file index is used to find the file name in the following table.
:file_names 4;
    "N/A";
    "<interactive>";
    "memory_test.v";
    "memory.v";
